[03-01-2023 16:36:36] Starting application.
[03-01-2023 16:36:37] Switching to render mode: full.
[03-01-2023 16:37:05] Loading cache C:\Users\brrad\Documents\GitHub\Devious-OSRS-Game-Server\Cache. 317=false, OSRS=true, interface_rev=-1.
[03-01-2023 16:37:07] Opening interface 6.
[03-01-2023 17:39:50] Starting application.
[03-01-2023 17:39:51] Switching to render mode: full.
[03-01-2023 17:39:54] Loading cache C:\Users\brrad\Documents\GitHub\Devious-OSRS-Game-Server\Cache. 317=false, OSRS=true, interface_rev=-1.
[03-01-2023 17:42:27] Closing application.
[03-01-2023 17:45:13] Starting application.
[03-01-2023 17:45:15] Switching to render mode: full.
[03-01-2023 17:45:19] Loading cache C:\Users\brrad\Documents\GitHub\Devious-OSRS-Game-Server\Cache. 317=false, OSRS=true, interface_rev=-1.
[03-01-2023 17:57:20] Starting application.
[03-01-2023 17:57:21] Switching to render mode: full.
[03-01-2023 17:57:24] Loading cache C:\Users\brrad\Documents\GitHub\Devious-OSRS-Game-Server\Cache. 317=false, OSRS=true, interface_rev=-1.
[05-01-2023 00:02:54] Starting application.
[05-01-2023 00:02:55] Switching to render mode: full.
[05-01-2023 00:02:57] Closing application.
[06-01-2023 02:23:22] Starting application.
[06-01-2023 02:23:23] Switching to render mode: full.
[06-01-2023 02:24:11] Loading cache C:\Users\brrad\Documents\GitHub\Devious-OSRS-Game-Server\Cache. 317=false, OSRS=true, interface_rev=-1.
[06-01-2023 02:24:44] Closing application.
[06-01-2023 13:00:01] Starting application.
[06-01-2023 13:00:03] Switching to render mode: full.
[06-01-2023 13:00:12] Loading cache C:\Users\brrad\Documents\GitHub\Edgeville-OSRS-Game-Server\Cache. 317=false, OSRS=true, interface_rev=-1.
[06-01-2023 13:00:13] Opening interface 6.
[06-01-2023 13:00:15] Opening interface 1029.
[06-01-2023 13:00:16] Opening interface 1028.
[06-01-2023 13:00:17] Opening interface 1029.
[06-01-2023 13:00:17] Opening interface 1030.
[06-01-2023 13:00:17] Opening interface 1031.
[06-01-2023 13:00:18] Opening interface 1030.
[06-01-2023 13:00:18] Opening interface 1029.
[06-01-2023 13:00:18] Opening interface 1030.
[06-01-2023 13:00:54] Selected [component 14].
[06-01-2023 13:01:12] Updated property[key=text, value=Reforging]
[06-01-2023 13:01:14] Selected [].
[06-01-2023 13:01:31] Selected [component 23 (*)].
[06-01-2023 13:03:43] Selected [].
[06-01-2023 13:03:43] Selected [component 44].
[06-01-2023 13:03:45] Selected [].
[06-01-2023 13:03:45] Selected [component 39].
[06-01-2023 13:03:55] Removing [Component 39].
[06-01-2023 13:03:55] Selected [component 38 (*)].
[06-01-2023 13:03:55] Selected [].
[06-01-2023 13:03:58] Selected [component 38 (*)].
[06-01-2023 13:03:59] Removing [Component 38 (*)].
[06-01-2023 13:03:59] Selected [component 37].
[06-01-2023 13:03:59] Selected [].
[06-01-2023 13:04:18] Loading cache C:\Users\brrad\Documents\GitHub\Edgeville-OSRS-Game-Server\Cache. 317=false, OSRS=true, interface_rev=-1.
[06-01-2023 13:04:20] Opening interface 1031.
[06-01-2023 13:04:21] Opening interface 1030.
[06-01-2023 13:04:28] Selected [component 39].
[06-01-2023 13:04:30] Selected [component 35].
[06-01-2023 13:04:34] Updated property[key=hidden, value=true]
[06-01-2023 13:04:34] Updated property[key=hidden, value=false]
[06-01-2023 13:04:35] Updated property[key=hidden, value=true]
[06-01-2023 13:04:36] Updated property[key=hidden, value=false]
[06-01-2023 13:04:38] Updated property[key=hidden, value=true]
[06-01-2023 13:04:41] Selected [component 40].
[06-01-2023 13:04:44] Updated property[key=hidden, value=true]
[06-01-2023 13:04:51] Selected [].
[06-01-2023 13:04:51] Selected [component 14].
[06-01-2023 13:04:57] Updated property[key=text, value=Reforging]
[06-01-2023 13:05:12] Saving interface 1030, packed successfully.
[06-01-2023 13:05:14] Opening interface 1029.
[06-01-2023 13:05:14] Selected [].
[06-01-2023 13:05:15] Opening interface 1028.
[06-01-2023 13:05:15] Opening interface 1027.
[06-01-2023 13:05:17] Opening interface 1026.
[06-01-2023 13:05:19] Selected [component 1].
[06-01-2023 13:05:21] Opening interface 1025.
[06-01-2023 13:05:21] Selected [root].
[06-01-2023 13:05:21] Selected [].
[06-01-2023 13:05:22] Opening interface 1024.
[06-01-2023 13:05:24] Opening interface 1023.
[06-01-2023 13:05:24] Opening interface 1022.
[06-01-2023 13:05:26] Opening interface 1021.
[06-01-2023 13:05:26] Opening interface 1020.
[06-01-2023 13:05:27] Opening interface 1019.
[06-01-2023 13:05:29] Opening interface 1018.
[06-01-2023 13:05:30] Opening interface 1017.
[06-01-2023 13:05:31] Opening interface 1018.
[06-01-2023 13:05:33] Opening interface 1017.
[06-01-2023 13:05:35] Opening interface 1015.
[06-01-2023 13:05:39] Opening interface 1014.
[06-01-2023 13:05:40] Opening interface 1013.
[06-01-2023 13:05:40] Opening interface 1012.
[06-01-2023 13:05:41] Opening interface 1006.
[06-01-2023 13:05:41] Opening interface 855.
[06-01-2023 13:05:44] Opening interface 854.
[06-01-2023 13:05:48] Opening interface 853.
[06-01-2023 13:05:48] Opening interface 852.
[06-01-2023 13:05:49] Opening interface 851.
[06-01-2023 13:05:49] Opening interface 850.
[06-01-2023 13:05:50] Opening interface 849.
[06-01-2023 13:05:51] Opening interface 848.
[06-01-2023 13:05:51] Opening interface 847.
[06-01-2023 13:05:51] Opening interface 846.
[06-01-2023 13:05:52] Opening interface 845.
[06-01-2023 13:05:52] Opening interface 844.
[06-01-2023 13:05:53] Opening interface 843.
[06-01-2023 13:05:53] Opening interface 842.
[06-01-2023 13:05:54] Opening interface 841.
[06-01-2023 13:05:54] Opening interface 840.
[06-01-2023 13:05:56] Opening interface 839.
[06-01-2023 13:05:57] Opening interface 838.
[06-01-2023 13:05:59] Opening interface 837.
[06-01-2023 13:06:00] Opening interface 836.
[06-01-2023 13:06:02] Opening interface 835.
[06-01-2023 13:06:04] Opening interface 834.
[06-01-2023 13:06:04] Opening interface 833.
[06-01-2023 13:06:05] Opening interface 834.
[06-01-2023 13:06:06] Opening interface 835.
[06-01-2023 13:06:08] Opening interface 834.
[06-01-2023 13:06:08] Opening interface 833.
[06-01-2023 13:06:08] Opening interface 826.
[06-01-2023 13:06:09] Opening interface 833.
[06-01-2023 13:06:10] Opening interface 826.
[06-01-2023 13:06:10] Opening interface 825.
[06-01-2023 13:06:11] Opening interface 824.
[06-01-2023 13:06:12] Opening interface 822.
[06-01-2023 13:06:13] Opening interface 820.
[06-01-2023 13:06:13] Opening interface 817.
[06-01-2023 13:06:14] Opening interface 804.
[06-01-2023 13:06:16] Opening interface 803.
[06-01-2023 13:06:17] Opening interface 731.
[06-01-2023 13:06:17] Opening interface 730.
[06-01-2023 13:06:17] Opening interface 729.
[06-01-2023 13:06:18] Opening interface 730.
[06-01-2023 13:06:18] Opening interface 731.
[06-01-2023 13:06:19] Opening interface 803.
[06-01-2023 13:06:19] Opening interface 804.
[06-01-2023 13:06:19] Opening interface 817.
[06-01-2023 13:06:19] Opening interface 820.
[06-01-2023 13:06:19] Opening interface 822.
[06-01-2023 13:06:19] Opening interface 824.
[06-01-2023 13:06:19] Opening interface 825.
[06-01-2023 13:06:19] Opening interface 826.
[06-01-2023 13:06:19] Opening interface 833.
[06-01-2023 13:06:19] Opening interface 834.
[06-01-2023 13:06:19] Opening interface 835.
[06-01-2023 13:06:19] Opening interface 836.
[06-01-2023 13:06:19] Opening interface 837.
[06-01-2023 13:06:19] Opening interface 838.
[06-01-2023 13:06:19] Opening interface 839.
[06-01-2023 13:06:19] Opening interface 840.
[06-01-2023 13:06:19] Opening interface 841.
[06-01-2023 13:06:19] Opening interface 842.
[06-01-2023 13:06:19] Opening interface 843.
[06-01-2023 13:06:19] Opening interface 844.
[06-01-2023 13:06:19] Opening interface 845.
[06-01-2023 13:06:19] Opening interface 846.
[06-01-2023 13:06:19] Opening interface 847.
[06-01-2023 13:06:19] Opening interface 848.
[06-01-2023 13:06:19] Opening interface 849.
[06-01-2023 13:06:19] Opening interface 850.
[06-01-2023 13:06:19] Opening interface 851.
[06-01-2023 13:06:19] Opening interface 852.
[06-01-2023 13:06:20] Opening interface 853.
[06-01-2023 13:06:20] Opening interface 854.
[06-01-2023 13:06:20] Opening interface 855.
[06-01-2023 13:06:20] Opening interface 1006.
[06-01-2023 13:06:20] Opening interface 1012.
[06-01-2023 13:06:20] Opening interface 1013.
[06-01-2023 13:06:20] Opening interface 1014.
[06-01-2023 13:06:20] Opening interface 1015.
[06-01-2023 13:06:20] Opening interface 1017.
[06-01-2023 13:06:20] Opening interface 1018.
[06-01-2023 13:06:20] Opening interface 1019.
[06-01-2023 13:06:20] Opening interface 1020.
[06-01-2023 13:06:20] Opening interface 1021.
[06-01-2023 13:06:20] Opening interface 1022.
[06-01-2023 13:06:20] Opening interface 1023.
[06-01-2023 13:06:20] Opening interface 1024.
[06-01-2023 13:06:20] Opening interface 1025.
[06-01-2023 13:06:20] Opening interface 1026.
[06-01-2023 13:06:20] Opening interface 1027.
[06-01-2023 13:06:20] Opening interface 1028.
[06-01-2023 13:06:20] Opening interface 1029.
[06-01-2023 13:06:20] Opening interface 1030.
[06-01-2023 13:06:20] Opening interface 1031.
[06-01-2023 13:09:37] Creating new interface 1032. Packed successfully.
[06-01-2023 13:09:39] Opening interface 1032.
[06-01-2023 13:09:59] Deleted interface 1032 successfully.
[06-01-2023 13:09:59] Opening interface 1031.
[06-01-2023 13:10:10] Opening interface 1032.
[06-01-2023 13:18:02] Selected [component 59 (*)].
[06-01-2023 13:18:03] Selected [component 56 (*)].
[06-01-2023 13:18:04] Selected [component 51].
[06-01-2023 13:59:52] Loading cache C:\Users\brrad\Desktop\Cache. 317=false, OSRS=true, interface_rev=-1.
[06-01-2023 13:59:52] Selected [root].
[06-01-2023 13:59:54] Opening interface 1029.
[06-01-2023 13:59:55] Selected [].
[06-01-2023 14:00:00] Opening interface 1028.
[06-01-2023 14:00:01] Opening interface 1027.
[06-01-2023 14:00:03] Opening interface 1026.
[06-01-2023 14:00:05] Opening interface 1025.
[06-01-2023 14:00:06] Opening interface 1024.
[06-01-2023 14:00:07] Opening interface 1023.
[06-01-2023 14:00:08] Opening interface 1024.
[06-01-2023 14:00:09] Opening interface 1025.
[06-01-2023 14:00:18] Opening interface 1026.
[06-01-2023 14:00:24] Opening interface 1027.
[06-01-2023 14:00:35] Opening interface 1028.
[06-01-2023 14:00:41] Opening interface 1029.
[06-01-2023 14:01:06] Opening interface 1028.
[06-01-2023 14:01:07] Opening interface 1027.
[06-01-2023 14:01:07] Opening interface 1026.
[06-01-2023 14:01:07] Opening interface 1025.
[06-01-2023 14:01:08] Opening interface 1024.
[06-01-2023 14:01:08] Opening interface 1023.
[06-01-2023 14:01:08] Opening interface 1022.
[06-01-2023 14:01:09] Opening interface 1021.
[06-01-2023 14:01:09] Opening interface 1020.
[06-01-2023 14:01:09] Opening interface 1019.
[06-01-2023 14:01:10] Opening interface 1018.
[06-01-2023 14:01:10] Opening interface 1019.
[06-01-2023 14:01:11] Opening interface 1018.
[06-01-2023 14:01:14] Opening interface 1017.
[06-01-2023 14:01:15] Opening interface 1015.
[06-01-2023 14:01:16] Opening interface 1014.
[06-01-2023 14:01:17] Opening interface 1013.
[06-01-2023 14:01:17] Opening interface 1012.
[06-01-2023 14:01:17] Opening interface 1006.
[06-01-2023 14:01:18] Opening interface 855.
[06-01-2023 14:01:19] Opening interface 854.
[06-01-2023 14:01:20] Opening interface 853.
[06-01-2023 14:01:20] Opening interface 852.
[06-01-2023 14:01:21] Opening interface 851.
[06-01-2023 14:01:21] Opening interface 850.
[06-01-2023 14:01:22] Opening interface 849.
[06-01-2023 14:01:23] Opening interface 848.
[06-01-2023 14:01:23] Opening interface 847.
[06-01-2023 14:01:23] Opening interface 846.
[06-01-2023 14:01:23] Opening interface 845.
[06-01-2023 14:01:24] Opening interface 844.
[06-01-2023 14:01:24] Opening interface 843.
[06-01-2023 14:01:30] Loading cache C:\Users\brrad\Documents\GitHub\Edgeville-OSRS-Game-Server\Cache. 317=false, OSRS=true, interface_rev=-1.
[06-01-2023 14:01:45] Opening interface 1033.
[06-01-2023 14:01:55] Loading cache C:\Users\brrad\Desktop\Cache. 317=false, OSRS=true, interface_rev=-1.
[06-01-2023 14:01:56] Opening interface 1028.
[06-01-2023 14:01:57] Opening interface 1027.
[06-01-2023 14:01:58] Opening interface 1026.
[06-01-2023 14:01:58] Opening interface 1025.
[06-01-2023 14:01:59] Opening interface 1026.
[06-01-2023 14:02:08] Loading cache C:\Users\brrad\Documents\GitHub\Edgeville-OSRS-Game-Server\Cache. 317=false, OSRS=true, interface_rev=-1.
[06-01-2023 14:02:19] Opening interface 1034.
[06-01-2023 14:02:29] Opening interface 1035.
[06-01-2023 14:02:39] Opening interface 1036.
[06-01-2023 14:02:51] Opening interface 1037.
[06-01-2023 14:02:55] Opening interface 1035.
[06-01-2023 14:03:04] Loading cache C:\Users\brrad\Desktop\Cache. 317=false, OSRS=true, interface_rev=-1.
[06-01-2023 14:03:06] Opening interface 1029.
[06-01-2023 14:03:17] Selected [component 0].
[06-01-2023 14:03:19] Selected [root].
[06-01-2023 14:03:23] Selected [component 0].
[06-01-2023 14:03:31] Opening interface 1028.
[06-01-2023 14:03:31] Selected [root].
[06-01-2023 14:03:32] Selected [].
[06-01-2023 14:03:35] Selected [component 16].
[06-01-2023 14:03:48] Opening interface 1027.
[06-01-2023 14:03:48] Selected [].
[06-01-2023 14:03:54] Opening interface 1026.
[06-01-2023 14:03:56] Opening interface 1025.
[06-01-2023 14:03:58] Opening interface 1026.
[06-01-2023 14:03:59] Opening interface 1027.
[06-01-2023 14:46:09] Opening interface 1028.
[06-01-2023 14:46:10] Opening interface 1029.
[06-01-2023 14:46:11] Opening interface 1028.
[06-01-2023 14:46:12] Opening interface 1027.
[06-01-2023 14:46:12] Opening interface 1026.
[06-01-2023 14:46:30] Loading cache C:\Users\brrad\Documents\GitHub\Edgeville-OSRS-Game-Server\Cache. 317=false, OSRS=true, interface_rev=-1.
[06-01-2023 14:46:32] Opening interface 1037.
[06-01-2023 14:46:33] Opening interface 1036.
[06-01-2023 14:46:34] Opening interface 1034.
[06-01-2023 14:46:39] Closing application.
[06-01-2023 14:57:37] Starting application.
[06-01-2023 14:57:38] Switching to render mode: full.
[06-01-2023 14:57:47] Loading cache C:\Users\brrad\Documents\GitHub\Edgeville-OSRS-Game-Server\Cache. 317=false, OSRS=true, interface_rev=-1.
[06-01-2023 14:57:50] Opening interface 1033.
[06-01-2023 14:57:51] Opening interface 1032.
[06-01-2023 14:57:52] Selected [component 16].
[06-01-2023 14:57:52] Moving [component 16] with mouse.
[06-01-2023 14:57:52] Moving [component 16] with mouse.
[06-01-2023 14:57:52] Moving [component 16] with mouse.
[06-01-2023 14:57:57] Loading cache C:\Users\brrad\Documents\GitHub\Edgeville-OSRS-Game-Server\Cache. 317=false, OSRS=true, interface_rev=-1.
[06-01-2023 14:57:59] Opening interface 1034.
[06-01-2023 14:57:59] Selected [].
[06-01-2023 14:57:59] Selected [component 216].
[06-01-2023 14:58:02] Opening interface 1033.
[06-01-2023 14:58:02] Selected [].
[06-01-2023 14:58:03] Opening interface 1035.
[06-01-2023 14:58:03] Opening interface 1036.
[06-01-2023 14:58:05] Opening interface 1034.
[06-01-2023 14:58:05] Opening interface 1033.
[06-01-2023 14:58:06] Opening interface 1032.
[06-01-2023 14:58:07] Selected [component 15].
[06-01-2023 14:58:09] Selected [component 17].
[06-01-2023 14:58:10] Selected [component 39].
[06-01-2023 14:58:10] Selected [component 44].
[06-01-2023 14:58:10] Selected [component 51].
[06-01-2023 14:58:11] Selected [component 56 (*)].
[06-01-2023 14:58:11] Selected [component 59 (*)].
[06-01-2023 14:58:14] Selected [component 56 (*)].
[06-01-2023 14:58:14] Selected [component 51].
[06-01-2023 14:58:15] Selected [component 44].
[06-01-2023 14:58:15] Selected [component 39].
[06-01-2023 14:58:26] Selected [component 17].
[06-01-2023 14:58:28] Selected [component 36 (*)].
[06-01-2023 14:58:29] Selected [component 33 (*)].
[06-01-2023 14:58:33] Selected [component 34].
[06-01-2023 14:58:35] Selected [component 35].
[06-01-2023 14:59:00] Opening interface 1033.
[06-01-2023 14:59:00] Selected [].
[06-01-2023 14:59:01] Opening interface 1032.
[06-01-2023 14:59:03] Selected [component 15].
[06-01-2023 14:59:04] Selected [].
[06-01-2023 14:59:04] Selected [component 15].
[06-01-2023 14:59:05] Selected [component 3].
[06-01-2023 14:59:06] Selected [component 0].
[06-01-2023 14:59:21] Selected [component 17].
[06-01-2023 14:59:23] Selected [component 36 (*)].
[06-01-2023 14:59:30] Selected [component 37].
[06-01-2023 14:59:31] Selected [component 38].
[06-01-2023 14:59:37] Selected [component 33 (*)].
[06-01-2023 14:59:40] Selected [component 35].
[06-01-2023 14:59:56] Selected [component 17].
[06-01-2023 14:59:56] Selected [component 0].
[06-01-2023 14:59:57] Selected [component 17].
[06-01-2023 14:59:59] Selected [component 39].
[06-01-2023 15:00:00] Selected [component 44].
[06-01-2023 15:00:01] Selected [component 51].
[06-01-2023 15:00:01] Selected [component 56 (*)].
[06-01-2023 15:00:01] Selected [component 59 (*)].
[06-01-2023 15:00:12] Updated property[key=originalHeight, value=300]
[06-01-2023 15:00:17] Saving interface 1032, packed successfully.
[06-01-2023 15:02:26] Starting application.
[06-01-2023 15:02:27] Switching to render mode: full.
[06-01-2023 15:02:30] Loading cache C:\Users\brrad\Documents\GitHub\Edgeville-OSRS-Game-Server\Cache. 317=false, OSRS=true, interface_rev=-1.
[06-01-2023 15:02:33] Opening interface 1034.
[06-01-2023 15:02:36] Selected [component 216].
[06-01-2023 15:02:37] Opening interface 1033.
[06-01-2023 15:02:37] Selected [].
[06-01-2023 15:02:38] Opening interface 1032.
[06-01-2023 15:02:39] Selected [component 16].
[06-01-2023 15:02:49] Selected [component 15].
[06-01-2023 15:02:49] Selected [component 14].
[06-01-2023 15:02:49] Selected [component 13].
[06-01-2023 15:02:50] Selected [component 12].
[06-01-2023 15:02:50] Selected [component 11].
[06-01-2023 15:02:50] Selected [component 10 (*)].
[06-01-2023 15:02:51] Selected [component 9].
[06-01-2023 15:02:51] Selected [component 8].
[06-01-2023 15:02:51] Selected [component 7].
[06-01-2023 15:02:51] Selected [component 6].
[06-01-2023 15:02:51] Selected [component 5].
[06-01-2023 15:02:52] Selected [component 4].
[06-01-2023 15:02:52] Selected [component 3].
[06-01-2023 15:02:52] Selected [component 2].
[06-01-2023 15:02:52] Selected [component 1].
[06-01-2023 15:02:52] Selected [component 0].
[06-01-2023 15:02:52] Selected [root].
[06-01-2023 15:02:54] Selected [component 17].
[06-01-2023 15:02:55] Selected [component 0].
[06-01-2023 15:02:56] Selected [component 17].
[06-01-2023 15:02:57] Selected [component 39].
[06-01-2023 15:02:57] Selected [component 44].
[06-01-2023 15:02:58] Selected [component 39].
[06-01-2023 15:02:58] Selected [component 17].
[06-01-2023 15:02:58] Selected [component 0].
[06-01-2023 15:02:58] Selected [root].
[06-01-2023 15:02:59] Selected [component 0].
[06-01-2023 15:02:59] Selected [component 17].
[06-01-2023 15:02:59] Selected [component 39].
[06-01-2023 15:02:59] Selected [component 44].
[06-01-2023 15:03:00] Selected [component 51].
[06-01-2023 15:03:00] Selected [component 56 (*)].
[06-01-2023 15:03:00] Selected [component 59 (*)].
[06-01-2023 15:03:06] Updated property[key=originalHeight, value=274]
[06-01-2023 15:05:48] Starting application.
[06-01-2023 15:05:49] Switching to render mode: full.
[06-01-2023 15:05:53] Loading cache C:\Users\brrad\Documents\GitHub\Edgeville-OSRS-Game-Server\Cache. 317=false, OSRS=true, interface_rev=-1.
[06-01-2023 15:05:55] Opening interface 1032.
[06-01-2023 15:05:58] Selected [component 16].
[06-01-2023 15:05:59] Selected [component 0].
[06-01-2023 15:06:00] Selected [component 17].
[06-01-2023 15:06:00] Selected [component 39].
[06-01-2023 15:06:01] Selected [component 44].
[06-01-2023 15:06:01] Selected [component 51].
[06-01-2023 15:06:02] Selected [component 56 (*)].
[06-01-2023 15:06:03] Selected [component 59 (*)].
[06-01-2023 15:06:07] Updated property[key=originalHeight, value=274]
[06-01-2023 15:06:11] Saving interface 1032, packed successfully.
[06-01-2023 15:09:17] Starting application.
[06-01-2023 15:09:18] Switching to render mode: full.
[06-01-2023 15:09:23] Loading cache C:\Users\brrad\Documents\GitHub\Edgeville-OSRS-Game-Server\Cache. 317=false, OSRS=true, interface_rev=-1.
[06-01-2023 15:09:26] Opening interface 1032.
[06-01-2023 15:09:28] Selected [component 15].
[06-01-2023 15:09:29] Selected [component 0].
[06-01-2023 15:09:30] Selected [component 17].
[06-01-2023 15:09:32] Selected [component 18 (*)].
[06-01-2023 15:09:38] Updated property[key=options, value=[Select Regular]]
[06-01-2023 15:09:38] Updated property[key=Index 0, value=Select Regular]
[06-01-2023 15:09:40] Selected [component 21 (*)].
[06-01-2023 15:09:45] Selected [component 18 (*)].
[06-01-2023 15:09:45] Selected [component 21 (*)].
[06-01-2023 15:09:47] Updated property[key=hidden, value=true]
[06-01-2023 15:09:54] Updated property[key=hidden, value=false]
[06-01-2023 15:10:18] Removing [Component 21 (*)].
[06-01-2023 15:10:18] Selected [component 18 (*)].
[06-01-2023 15:10:18] Selected [].
[06-01-2023 15:10:22] Loading cache C:\Users\brrad\Documents\GitHub\Edgeville-OSRS-Game-Server\Cache. 317=false, OSRS=true, interface_rev=-1.
[06-01-2023 15:10:25] Opening interface 1032.
[06-01-2023 15:10:26] Selected [component 15].
[06-01-2023 15:10:28] Selected [component 0].
[06-01-2023 15:10:29] Selected [component 17].
[06-01-2023 15:10:29] Selected [component 39].
[06-01-2023 15:10:30] Selected [component 44].
[06-01-2023 15:10:31] Selected [component 51].
[06-01-2023 15:10:32] Selected [component 56 (*)].
[06-01-2023 15:10:33] Selected [component 17].
[06-01-2023 15:10:35] Selected [component 36 (*)].
[06-01-2023 15:10:42] Selected [component 33 (*)].
[06-01-2023 15:10:43] Selected [component 36 (*)].
[06-01-2023 15:10:44] Selected [component 33 (*)].
[06-01-2023 15:10:45] Selected [component 30 (*)].
[06-01-2023 15:10:45] Selected [component 27 (*)].
[06-01-2023 15:10:46] Selected [component 24 (*)].
[06-01-2023 15:10:46] Selected [component 21 (*)].
[06-01-2023 15:10:51] Selected [component 25].
[06-01-2023 15:10:54] Selected [component 22].
[06-01-2023 15:10:57] Updated property[key=spriteId, value=2158]
[06-01-2023 15:10:57] Updated property[key=originalWidth, value=13]
[06-01-2023 15:10:57] Updated property[key=originalHeight, value=13]
[06-01-2023 15:10:59] Selected [component 23].
[06-01-2023 15:11:04] Updated property[key=text, value=Ironman]
[06-01-2023 15:11:08] Selected [component 21 (*)].
[06-01-2023 15:11:09] Selected [component 27 (*)].
[06-01-2023 15:11:11] Selected [component 24 (*)].
[06-01-2023 15:11:14] Selected [component 28].
[06-01-2023 15:11:16] Selected [component 25].
[06-01-2023 15:11:18] Updated property[key=spriteId, value=2159]
[06-01-2023 15:11:18] Updated property[key=originalWidth, value=13]
[06-01-2023 15:11:18] Updated property[key=originalHeight, value=13]
[06-01-2023 15:11:22] Selected [component 26].
[06-01-2023 15:11:26] Updated property[key=text, value=Ultimate]
[06-01-2023 15:11:30] Selected [component 24 (*)].
[06-01-2023 15:11:32] Selected [component 30 (*)].
[06-01-2023 15:11:36] Selected [component 31].
[06-01-2023 15:11:38] Selected [component 28].
[06-01-2023 15:11:40] Updated property[key=spriteId, value=2166]
[06-01-2023 15:11:40] Updated property[key=originalWidth, value=13]
[06-01-2023 15:11:40] Updated property[key=originalHeight, value=13]
[06-01-2023 15:11:44] Selected [component 29].
[06-01-2023 15:11:47] Updated property[key=text, value=Hardcore]
[06-01-2023 15:11:50] Selected [component 27 (*)].
[06-01-2023 15:11:53] Selected [component 30 (*)].
[06-01-2023 15:11:57] Selected [component 34].
[06-01-2023 15:12:01] Selected [component 31].
[06-01-2023 15:12:03] Updated property[key=spriteId, value=3553]
[06-01-2023 15:12:03] Updated property[key=originalWidth, value=33]
[06-01-2023 15:12:03] Updated property[key=originalHeight, value=36]
[06-01-2023 15:12:04] Selected [component 34].
[06-01-2023 15:12:07] Selected [component 35].
[06-01-2023 15:12:09] Selected [component 32].
[06-01-2023 15:12:12] Updated property[key=text, value=Group Ironman]
[06-01-2023 15:12:20] Selected [component 34].
[06-01-2023 15:12:24] Selected [component 31].
[06-01-2023 15:12:29] Selected [component 34].
[06-01-2023 15:12:31] Selected [component 31].
[06-01-2023 15:12:35] Selected [component 34].
[06-01-2023 15:12:37] Selected [component 31].
[06-01-2023 15:12:40] Updated property[key=originalHeight, value=13]
[06-01-2023 15:12:43] Selected [component 32].
[06-01-2023 15:12:44] Selected [component 34].
[06-01-2023 15:12:45] Selected [component 31].
[06-01-2023 15:12:48] Updated property[key=originalWidth, value=13]
[06-01-2023 15:12:57] Selected [component 30 (*)].
[06-01-2023 15:12:58] Selected [component 36 (*)].
[06-01-2023 15:13:02] Selected [component 37].
[06-01-2023 15:13:08] Selected [component 34].
[06-01-2023 15:13:13] Updated property[key=spriteId, value=35533554]
[06-01-2023 15:13:16] Updated property[key=spriteId, value=3554]
[06-01-2023 15:13:16] Updated property[key=originalWidth, value=33]
[06-01-2023 15:13:16] Updated property[key=originalHeight, value=36]
[06-01-2023 15:13:18] Selected [component 38].
[06-01-2023 15:13:22] Selected [component 35].
[06-01-2023 15:13:28] Selected [component 32].
[06-01-2023 15:13:31] Selected [component 34].
[06-01-2023 15:13:32] Selected [component 35].
[06-01-2023 15:13:37] Updated property[key=text, value=Group Hardcore]
[06-01-2023 15:13:39] Selected [component 34].
[06-01-2023 15:13:43] Updated property[key=originalHeight, value=13]
[06-01-2023 15:13:49] Selected [component 36 (*)].
[06-01-2023 15:13:50] Selected [component 35].
[06-01-2023 15:13:50] Selected [component 34].
[06-01-2023 15:13:54] Updated property[key=originalWidth, value=13]
[06-01-2023 15:13:58] Selected [component 36 (*)].
[06-01-2023 15:14:01] Removing [Component 36 (*)].
[06-01-2023 15:14:01] Selected [].
[06-01-2023 15:14:05] Saving interface 1032, packed successfully.
[06-01-2023 15:14:10] Selected [component 33 (*)].
[06-01-2023 15:14:30] Updated property[key=options, value=[Select HCGIM]]
[06-01-2023 15:14:30] Updated property[key=Index 0, value=Select HCGIM]
[06-01-2023 15:14:32] Selected [component 30 (*)].
[06-01-2023 15:14:37] Updated property[key=options, value=[Select GIM]]
[06-01-2023 15:14:37] Updated property[key=Index 0, value=Select GIM]
[06-01-2023 15:14:41] Selected [component 27 (*)].
[06-01-2023 15:14:58] Updated property[key=options, value=[Select Hardcore Ironman]]
[06-01-2023 15:14:58] Updated property[key=Index 0, value=Select Hardcore Ironman]
[06-01-2023 15:14:59] Selected [component 24 (*)].
[06-01-2023 15:15:05] Updated property[key=options, value=[Select Ultimate Ironman]]
[06-01-2023 15:15:05] Updated property[key=Index 0, value=Select Ultimate Ironman]
[06-01-2023 15:15:07] Selected [component 21 (*)].
[06-01-2023 15:15:14] Updated property[key=options, value=[Select Ironman]]
[06-01-2023 15:15:14] Updated property[key=Index 0, value=Select Ironman]
[07-01-2023 17:10:58] Starting application.
[07-01-2023 17:10:59] Switching to render mode: full.
[07-01-2023 17:11:03] Loading cache C:\Users\brrad\Documents\GitHub\Edgeville-OSRS-Game-Server\Cache. 317=false, OSRS=true, interface_rev=-1.
[07-01-2023 17:11:04] Opening interface 9.
[07-01-2023 17:11:07] Opening interface 1037.
[07-01-2023 17:11:08] Opening interface 1036.
[07-01-2023 17:11:09] Opening interface 1035.
[07-01-2023 17:11:10] Opening interface 1034.
[07-01-2023 17:11:11] Opening interface 1033.
[07-01-2023 17:11:12] Opening interface 1032.
[07-01-2023 17:11:14] Selected [component 16].
[07-01-2023 17:11:16] Selected [component 5].
[07-01-2023 17:11:16] Selected [component 6].
[07-01-2023 17:11:17] Selected [component 7].
[07-01-2023 17:11:17] Selected [component 8].
[07-01-2023 17:11:17] Selected [component 9].
[07-01-2023 17:11:17] Selected [component 10 (*)].
[07-01-2023 17:11:17] Selected [component 11].
[07-01-2023 17:11:18] Selected [component 12].
[07-01-2023 17:11:18] Selected [component 13].
[07-01-2023 17:11:18] Selected [component 14].
[07-01-2023 17:11:19] Selected [component 15].
[07-01-2023 17:11:19] Selected [component 16].
[07-01-2023 17:11:19] Selected [component 17].
[07-01-2023 17:11:20] Selected [component 39].
[07-01-2023 17:11:20] Selected [component 44].
[07-01-2023 17:11:21] Selected [component 51].
[07-01-2023 17:11:21] Selected [component 56 (*)].
[07-01-2023 17:11:21] Selected [component 59 (*)].
[07-01-2023 17:11:40] Updated property[key=active, value=false]
[07-01-2023 17:11:41] Updated property[key=active, value=true]
[07-01-2023 17:11:42] Updated property[key=hidden, value=true]
[07-01-2023 17:11:42] Updated property[key=hidden, value=false]
[07-01-2023 17:11:43] Updated property[key=hidden, value=true]
[07-01-2023 17:11:43] Updated property[key=hidden, value=false]
[07-01-2023 17:11:45] Selected [component 56 (*)].
[07-01-2023 17:11:46] Selected [component 51].
[07-01-2023 17:11:46] Selected [component 44].
[07-01-2023 17:11:47] Selected [component 39].
[07-01-2023 17:11:47] Selected [component 17].
[07-01-2023 17:11:47] Selected [component 16].
[07-01-2023 17:11:47] Selected [component 15].
[07-01-2023 17:11:48] Selected [component 14].
[07-01-2023 17:11:48] Selected [component 13].
[07-01-2023 17:11:48] Selected [component 12].
[07-01-2023 17:11:49] Selected [component 11].
[07-01-2023 17:11:49] Selected [component 10 (*)].
[07-01-2023 17:11:49] Selected [component 9].
[07-01-2023 17:11:49] Selected [component 8].
[07-01-2023 17:11:50] Selected [component 7].
[07-01-2023 17:11:50] Selected [component 6].
[07-01-2023 17:11:50] Selected [component 5].
[07-01-2023 17:11:50] Selected [component 4].
[07-01-2023 17:11:50] Selected [component 3].
[07-01-2023 17:11:50] Selected [component 2].
[07-01-2023 17:11:51] Selected [component 1].
[07-01-2023 17:11:51] Selected [component 0].
[07-01-2023 17:11:51] Selected [root].
[07-01-2023 17:11:54] Selected [component 0].
[07-01-2023 17:11:55] Selected [component 17].
[07-01-2023 17:11:55] Selected [component 39].
[07-01-2023 17:11:56] Selected [component 44].
[07-01-2023 17:11:56] Selected [component 51].
[07-01-2023 17:11:57] Selected [component 56 (*)].
[07-01-2023 17:11:57] Selected [component 59 (*)].
[07-01-2023 17:13:41] Selected [component 17].
[07-01-2023 17:13:53] Saving interface 1032, packed successfully.
[07-01-2023 17:13:55] Selected [component 59 (*)].
[07-01-2023 17:13:59] Opening interface 1033.
[07-01-2023 17:13:59] Selected [root].
[07-01-2023 17:13:59] Selected [].
[07-01-2023 17:14:00] Opening interface 1034.
[07-01-2023 17:14:01] Selected [component 112 (*)].
[07-01-2023 17:14:01] Selected [component 115 (*)].
[07-01-2023 17:14:02] Selected [component 118].
[07-01-2023 17:14:02] Selected [component 131 (*)].
[07-01-2023 17:14:02] Selected [component 132].
[07-01-2023 17:14:02] Selected [component 131 (*)].
[07-01-2023 17:14:15] Selected [component 132].
[07-01-2023 17:14:15] Selected [component 197].
[07-01-2023 17:14:16] Selected [component 132].
[07-01-2023 17:14:16] Selected [component 131 (*)].
[07-01-2023 17:14:16] Selected [component 118].
[07-01-2023 17:14:17] Selected [component 131 (*)].
[07-01-2023 17:14:33] Opening interface 1035.
[07-01-2023 17:14:33] Selected [root].
[07-01-2023 17:14:33] Selected [].
[07-01-2023 17:14:35] Selected [component 136 (*)].
[07-01-2023 17:14:36] Selected [component 135 (*)].
[07-01-2023 17:15:00] Saving interface 1035, packed successfully.
[07-01-2023 17:15:02] Opening interface 1036.
[07-01-2023 17:15:02] Selected [root].
[07-01-2023 17:15:02] Selected [].
[07-01-2023 17:15:03] Selected [component 48 (*)].
[07-01-2023 17:15:21] Saving interface 1036, packed successfully.
[07-01-2023 17:15:23] Opening interface 1037.
[07-01-2023 17:15:23] Selected [root].
[07-01-2023 17:15:23] Selected [].
[07-01-2023 17:15:25] Selected [component 276].
[07-01-2023 17:15:25] Selected [component 14].
[07-01-2023 17:15:26] Selected [component 0].
[07-01-2023 17:15:27] Selected [component 276].
[07-01-2023 17:15:29] Selected [component 14].
[07-01-2023 17:15:29] Selected [component 0].
[07-01-2023 17:15:30] Selected [root].
[07-01-2023 17:15:31] Selected [component 0].
[07-01-2023 17:15:31] Selected [component 14].
[07-01-2023 17:15:33] Selected [component 0].
[07-01-2023 17:15:35] Selected [component 15].
[07-01-2023 17:15:36] Selected [component 72].
[07-01-2023 17:15:36] Selected [component 267].
[07-01-2023 17:15:36] Selected [component 276].
[07-01-2023 17:15:38] Selected [component 0].
[07-01-2023 17:15:38] Selected [component 1].
[07-01-2023 17:15:39] Selected [component 2].
[07-01-2023 17:15:39] Selected [component 3].
[07-01-2023 17:15:39] Selected [component 4].
[07-01-2023 17:15:39] Selected [component 5].
[07-01-2023 17:15:39] Selected [component 6].
[07-01-2023 17:15:39] Selected [component 7].
[07-01-2023 17:15:40] Selected [component 8].
[07-01-2023 17:15:40] Selected [component 9].
[07-01-2023 17:15:40] Selected [component 10 (*)].
[07-01-2023 17:15:40] Selected [component 11].
[07-01-2023 17:15:40] Selected [component 12].
[07-01-2023 17:15:40] Selected [component 13].
[07-01-2023 17:15:41] Selected [component 14].
[07-01-2023 17:15:41] Selected [component 15].
[07-01-2023 17:15:41] Selected [component 72].
[07-01-2023 17:15:41] Selected [component 267].
[07-01-2023 17:15:41] Selected [component 276].
[07-01-2023 17:15:46] Selected [].
[07-01-2023 17:15:46] Selected [component 19].
[07-01-2023 17:15:50] Closing application.
[07-01-2023 17:19:03] Starting application.
[07-01-2023 17:19:04] Switching to render mode: full.
[07-01-2023 17:19:07] Loading cache C:\Users\brrad\Documents\GitHub\Edgeville-OSRS-Game-Server\Cache. 317=false, OSRS=true, interface_rev=-1.
[07-01-2023 17:19:10] Opening interface 1033.
[07-01-2023 17:19:10] Opening interface 1032.
[07-01-2023 17:19:13] Selected [component 59 (*)].
[07-01-2023 17:19:25] Selected [component 17].
[07-01-2023 17:19:28] Selected [component 18 (*)].
[07-01-2023 17:19:29] Selected [component 21 (*)].
[07-01-2023 17:19:30] Selected [component 24 (*)].
[07-01-2023 17:19:30] Selected [component 27 (*)].
[07-01-2023 17:19:30] Selected [component 30 (*)].
[07-01-2023 17:19:30] Selected [component 33 (*)].
[07-01-2023 17:19:31] Selected [component 39].
[07-01-2023 17:19:31] Selected [component 33 (*)].
[07-01-2023 17:19:32] Selected [component 30 (*)].
[07-01-2023 17:19:32] Selected [component 27 (*)].
[07-01-2023 17:19:32] Selected [component 24 (*)].
[07-01-2023 17:19:32] Selected [component 21 (*)].
[07-01-2023 17:19:32] Selected [component 18 (*)].
[07-01-2023 17:19:33] Selected [component 17].
[07-01-2023 17:19:44] Selected [component 59 (*)].
[07-01-2023 17:20:22] Selected [component 17].
[07-01-2023 17:20:34] Selected [root].
[07-01-2023 17:20:36] Selected [component 0].
[07-01-2023 17:20:38] Selected [root].
[07-01-2023 17:20:38] Selected [component 0].
[07-01-2023 17:20:44] Selected [component 17].
[07-01-2023 17:20:48] Selected [component 56 (*)].
[07-01-2023 17:20:52] Selected [component 51].
[07-01-2023 17:20:53] Selected [component 44].
[07-01-2023 17:20:54] Selected [component 39].
[07-01-2023 17:20:55] Selected [component 17].
[07-01-2023 17:21:02] Selected [component 59 (*)].
[07-01-2023 17:21:26] Saving interface 1032, packed successfully.
[07-01-2023 17:37:48] Loading cache C:\Users\brrad\Documents\GitHub\Edgeville-OSRS-Game-Server\Cache. 317=false, OSRS=true, interface_rev=-1.
[07-01-2023 17:37:48] Selected [root].
[07-01-2023 17:37:51] Opening interface 1032.
[07-01-2023 17:37:51] Selected [].
[07-01-2023 17:37:52] Opening interface 1034.
[07-01-2023 17:37:53] Opening interface 1035.
[07-01-2023 17:37:54] Opening interface 1036.
[07-01-2023 17:38:12] Selected [component 106].
[07-01-2023 17:38:12] Selected [component 194].
[07-01-2023 17:38:13] Selected [component 106].
[07-01-2023 17:38:13] Selected [component 49].
[07-01-2023 17:38:13] Selected [component 48 (*)].
[07-01-2023 17:38:14] Selected [component 26].
[07-01-2023 17:38:14] Selected [component 48 (*)].
[07-01-2023 17:38:30] Selected [component 26].
[07-01-2023 17:38:33] Selected [component 48 (*)].
[07-01-2023 17:38:44] Opening interface 1032.
[07-01-2023 17:38:44] Selected [root].
[07-01-2023 17:38:44] Selected [].
[07-01-2023 17:38:46] Selected [component 59 (*)].
[07-01-2023 17:38:51] Opening interface 1036.
[07-01-2023 17:38:51] Selected [root].
[07-01-2023 17:38:51] Selected [].
[07-01-2023 17:38:52] Selected [component 49].
[07-01-2023 17:38:52] Selected [component 48 (*)].
[07-01-2023 17:39:22] Opening interface 1033.
[07-01-2023 17:39:22] Selected [root].
[07-01-2023 17:39:22] Selected [].
[07-01-2023 17:39:24] Opening interface 1032.
[07-01-2023 17:39:25] Selected [component 59 (*)].
[07-01-2023 17:39:27] Selected [component 17].
[07-01-2023 17:39:33] Selected [component 59 (*)].
[07-01-2023 17:39:42] Saving interface 1032, packed successfully.
[07-01-2023 17:40:09] Saving interface 1032, packed successfully.
[07-01-2023 17:40:15] Closing application.
[08-01-2023 01:34:24] Starting application.
[08-01-2023 01:34:25] Switching to render mode: full.
[08-01-2023 01:34:29] Loading cache C:\Users\brrad\Documents\GitHub\Edgeville-OSRS-Game-Server\Cache. 317=false, OSRS=true, interface_rev=-1.
[08-01-2023 01:34:31] Opening interface 1032.
[08-01-2023 01:35:07] Opening interface 1031.
[08-01-2023 01:35:08] Opening interface 1032.
[08-01-2023 01:35:09] Opening interface 1033.
[08-01-2023 01:35:10] Opening interface 1034.
[08-01-2023 01:35:11] Opening interface 1035.
[08-01-2023 01:35:13] Opening interface 1034.
[08-01-2023 01:36:52] Opening interface 1036.
[08-01-2023 01:36:54] Selected [component 15].
[08-01-2023 01:36:54] Moving [component 15] with mouse.
[08-01-2023 01:36:58] Selected [component 48 (*)].
[08-01-2023 01:36:59] Selected [component 49].
[08-01-2023 01:37:00] Selected [component 106].
[08-01-2023 01:37:00] Selected [component 194].
[08-01-2023 01:37:01] Selected [component 106].
[08-01-2023 01:37:02] Selected [component 49].
[08-01-2023 01:37:02] Selected [component 48 (*)].
[08-01-2023 01:37:02] Selected [component 49].
[08-01-2023 01:37:05] Selected [component 50].
[08-01-2023 01:37:06] Selected [component 99].
[08-01-2023 01:37:07] Selected [component 105 (*)].
[08-01-2023 01:37:26] Saving interface 1036, packed successfully.
[08-01-2023 01:41:49] Opening interface 1034.
[08-01-2023 01:41:49] Selected [].
[08-01-2023 01:42:25] Deleted interface 1034 successfully.
[08-01-2023 01:42:25] Opening interface 1033.
[08-01-2023 01:42:47] Opening interface 1032.
[08-01-2023 01:42:51] Deleted interface 1032 successfully.
[08-01-2023 01:42:51] Opening interface 1031.
[08-01-2023 01:43:07] Opening interface 1031.
[08-01-2023 01:43:07] Opening interface 1031.
[08-01-2023 01:43:07] Opening interface 1031.
[08-01-2023 01:43:07] Opening interface 1032.
[08-01-2023 01:43:07] Opening interface 1032.
[08-01-2023 01:43:13] Opening interface 1034.
[08-01-2023 01:43:13] Opening interface 1034.
[08-01-2023 01:43:14] Opening interface 1034.
[08-01-2023 01:43:19] Opening interface 1034.
[08-01-2023 01:43:37] Selected [component 93].
[08-01-2023 01:43:50] Opening interface 1032.
[08-01-2023 01:43:50] Selected [].
[08-01-2023 01:43:52] Selected [component 56 (*)].
[08-01-2023 01:45:38] Selected [component 17].
[08-01-2023 01:45:40] Selected [component 56 (*)].
[08-01-2023 01:45:44] Selected [component 59 (*)].
[08-01-2023 01:45:45] Selected [component 56 (*)].
[08-01-2023 01:46:02] Saving interface 1032, packed successfully.
[08-01-2023 01:46:09] Opening interface 1034.
[08-01-2023 01:46:09] Selected [root].
[08-01-2023 01:46:09] Selected [].
[08-01-2023 01:46:20] Selected [component 217 (*)].
[08-01-2023 01:46:43] Selected [component 29].
[08-01-2023 01:46:46] Saving interface 1034, packed successfully.
[08-01-2023 01:50:03] Loading cache C:\Users\brrad\Documents\GitHub\Edgeville-OSRS-Game-Server\Cache. 317=false, OSRS=true, interface_rev=-1.
[08-01-2023 01:50:03] Selected [root].
[08-01-2023 01:50:04] Opening interface 1032.
[08-01-2023 01:50:04] Selected [].
[08-01-2023 01:50:06] Selected [component 56 (*)].
[08-01-2023 01:50:56] Selected [root].
[08-01-2023 01:51:04] Selected [component 0].
[08-01-2023 01:51:04] Selected [component 17].
[08-01-2023 01:51:09] Selected [component 56 (*)].
[08-01-2023 01:51:10] Selected [component 59 (*)].
[08-01-2023 01:51:11] Selected [component 56 (*)].
[08-01-2023 01:51:12] Selected [component 51].
[08-01-2023 01:51:13] Selected [component 44].
[08-01-2023 01:51:14] Selected [component 39].
[08-01-2023 01:51:14] Selected [component 17].
[08-01-2023 01:51:15] Selected [component 0].
[08-01-2023 01:51:16] Selected [component 56 (*)].
[08-01-2023 01:51:26] Saving interface 1032, packed successfully.
[08-01-2023 01:51:27] Selected [component 51].
[08-01-2023 01:51:28] Selected [component 44].
[08-01-2023 01:51:28] Selected [component 39].
[08-01-2023 01:51:29] Selected [component 17].
[08-01-2023 01:51:30] Selected [component 0].
[08-01-2023 01:51:32] Selected [component 18 (*)].
[08-01-2023 01:51:32] Selected [component 21 (*)].
[08-01-2023 01:51:32] Selected [component 24 (*)].
[08-01-2023 01:51:32] Selected [component 27 (*)].
[08-01-2023 01:51:33] Selected [component 30 (*)].
[08-01-2023 01:51:33] Selected [component 33 (*)].
[08-01-2023 01:51:33] Selected [component 39].
[08-01-2023 01:51:33] Selected [component 44].
[08-01-2023 01:51:34] Selected [component 51].
[08-01-2023 01:51:34] Selected [component 56 (*)].
[08-01-2023 01:51:34] Selected [component 59 (*)].
[08-01-2023 01:51:55] Saving interface 1032, packed successfully.
[08-01-2023 02:12:49] Loading cache C:\Users\brrad\Desktop\Cache. 317=false, OSRS=true, interface_rev=-1.
[08-01-2023 02:12:52] Opening interface 1019.
[08-01-2023 02:12:52] Selected [].
[08-01-2023 02:12:54] Opening interface 1019.
[08-01-2023 02:12:54] Opening interface 1019.
[08-01-2023 02:12:56] Opening interface 102.
[08-01-2023 02:12:56] Opening interface 102.
[08-01-2023 02:12:56] Opening interface 1020.
[08-01-2023 02:12:56] Opening interface 1021.
[08-01-2023 02:12:56] Opening interface 1022.
[08-01-2023 02:12:56] Opening interface 1023.
[08-01-2023 02:12:56] Opening interface 1024.
[08-01-2023 02:12:56] Opening interface 1024.
[08-01-2023 02:13:08] Selected [component 59 (*)].
[08-01-2023 02:13:17] Selected [component 56 (*)].
[08-01-2023 02:13:26] Selected [component 0].
[08-01-2023 02:13:39] Loading cache C:\Users\brrad\Documents\GitHub\Edgeville-OSRS-Game-Server\Cache. 317=false, OSRS=true, interface_rev=-1.
[08-01-2023 02:13:39] Selected [root].
[08-01-2023 02:13:42] Opening interface 1032.
[08-01-2023 02:13:42] Selected [].
[08-01-2023 02:13:45] Deleted interface 1032 successfully.
[08-01-2023 02:13:45] Opening interface 1031.
[08-01-2023 02:14:07] Opening interface 1032.
[08-01-2023 02:14:08] Selected [component 59 (*)].
[08-01-2023 02:14:20] Saving interface 1032, packed successfully.
[08-01-2023 02:17:56] Opening interface 1034.
[08-01-2023 02:17:56] Selected [root].
[08-01-2023 02:17:56] Selected [].
[08-01-2023 02:18:06] Selected [component 132].
[08-01-2023 02:18:14] Selected [component 217 (*)].
[08-01-2023 02:20:09] Selected [].
[08-01-2023 02:20:09] Selected [component 216].
[08-01-2023 02:20:13] Selected [component 211].
[08-01-2023 02:20:14] Selected [component 197].
[08-01-2023 02:20:16] Selected [component 131 (*)].
[08-01-2023 02:20:49] Deleted interface 1034 successfully.
[08-01-2023 02:20:49] Opening interface 1033.
[08-01-2023 02:20:49] Selected [root].
[08-01-2023 02:20:49] Selected [].
[08-01-2023 02:21:02] Loading cache C:\Users\brrad\Desktop\Cache. 317=false, OSRS=true, interface_rev=-1.
[08-01-2023 02:21:03] Opening interface 1028.
[08-01-2023 02:21:04] Opening interface 1027.
[08-01-2023 02:21:04] Opening interface 1028.
[08-01-2023 02:21:10] Opening interface 1027.
[08-01-2023 02:21:11] Opening interface 1026.
[08-01-2023 02:21:15] Loading cache C:\Users\brrad\Documents\GitHub\Edgeville-OSRS-Game-Server\Cache. 317=false, OSRS=true, interface_rev=-1.
[08-01-2023 02:21:30] Opening interface 1034.
[08-01-2023 02:21:34] Selected [component 216].
[08-01-2023 02:21:35] Selected [component 93].
[08-01-2023 02:21:36] Selected [component 29].
[08-01-2023 02:21:36] Selected [component 16].
[08-01-2023 02:21:37] Selected [component 0].
[08-01-2023 02:21:37] Selected [root].
[08-01-2023 02:21:37] Selected [component 0].
[08-01-2023 02:21:38] Selected [component 16].
[08-01-2023 02:21:38] Selected [component 29].
[08-01-2023 02:21:38] Selected [component 93].
[08-01-2023 02:21:38] Selected [component 100].
[08-01-2023 02:21:38] Selected [component 106].
[08-01-2023 02:21:38] Selected [component 112 (*)].
[08-01-2023 02:21:38] Selected [component 115 (*)].
[08-01-2023 02:21:39] Selected [component 118].
[08-01-2023 02:21:39] Selected [component 131 (*)].
[08-01-2023 02:21:39] Selected [component 132].
[08-01-2023 02:21:39] Selected [component 131 (*)].
[08-01-2023 02:21:53] Selected [component 217 (*)].
[08-01-2023 02:21:53] Selected [component 216].
[08-01-2023 02:21:54] Selected [component 215].
[08-01-2023 02:21:55] Selected [component 214].
[08-01-2023 02:21:55] Selected [component 213].
[08-01-2023 02:21:55] Selected [component 212].
[08-01-2023 02:21:55] Selected [component 211].
[08-01-2023 02:21:55] Selected [component 199].
[08-01-2023 02:21:55] Selected [component 198].
[08-01-2023 02:21:56] Selected [component 197].
[08-01-2023 02:21:56] Selected [component 132].
[08-01-2023 02:21:56] Selected [component 131 (*)].
[08-01-2023 02:21:56] Selected [component 118].
[08-01-2023 02:21:57] Selected [component 131 (*)].
[08-01-2023 02:24:36] Selected [component 118].
[08-01-2023 02:24:39] Selected [component 115 (*)].
[08-01-2023 02:24:39] Selected [component 112 (*)].
[08-01-2023 02:24:39] Selected [component 106].
[08-01-2023 02:24:39] Selected [component 100].
[08-01-2023 02:24:40] Selected [component 93].
[08-01-2023 02:24:40] Selected [component 29].
[08-01-2023 02:24:52] Selected [].
[08-01-2023 02:24:52] Selected [component 216].
[08-01-2023 02:24:55] Selected [component 217 (*)].
[08-01-2023 02:25:25] Loading cache C:\Users\brrad\Desktop\Cache. 317=false, OSRS=true, interface_rev=-1.
[08-01-2023 02:25:26] Opening interface 1026.
[08-01-2023 02:25:26] Selected [].
[08-01-2023 02:25:30] Selected [component 216].
[08-01-2023 02:25:43] Selected [component 217 (*)].
[08-01-2023 02:25:50] Selected [].
[08-01-2023 02:25:50] Selected [component 216 (*)].
[08-01-2023 02:25:51] Selected [component 215].
[08-01-2023 02:25:52] Selected [component 199].
[08-01-2023 02:25:53] Selected [component 198].
[08-01-2023 02:25:59] Selected [component 197].
[08-01-2023 02:26:01] Selected [component 112 (*)].
[08-01-2023 02:26:02] Selected [component 115 (*)].
[08-01-2023 02:26:02] Selected [component 118].
[08-01-2023 02:26:02] Selected [component 131 (*)].
[08-01-2023 02:26:55] Selected [component 214].
[08-01-2023 02:26:58] Selected [component 217 (*)].
[08-01-2023 02:28:21] Selected [].
[08-01-2023 02:28:21] Selected [component 216 (*)].
[08-01-2023 02:28:21] Moving [component 216 (*)] with mouse.
[08-01-2023 02:28:23] Selected [component 197].
[08-01-2023 02:28:24] Selected [component 132].
[08-01-2023 02:28:25] Selected [component 131 (*)].
[08-01-2023 02:28:25] Selected [component 118].
[08-01-2023 02:28:25] Selected [component 131 (*)].
[08-01-2023 02:28:26] Selected [component 132].
[08-01-2023 02:28:26] Selected [component 131 (*)].
[08-01-2023 02:28:34] Updated property[key=hidden, value=true]
[08-01-2023 02:28:35] Updated property[key=hidden, value=false]
[08-01-2023 02:28:39] Selected [component 217 (*)].
[08-01-2023 02:28:40] Updated property[key=hidden, value=true]
[08-01-2023 02:28:41] Updated property[key=hidden, value=false]
[08-01-2023 02:28:41] Updated property[key=hidden, value=true]
[08-01-2023 02:28:42] Updated property[key=hidden, value=false]
[08-01-2023 02:28:43] Selected [component 216 (*)].
[08-01-2023 02:28:44] Selected [component 215].
[08-01-2023 02:28:44] Selected [component 214].
[08-01-2023 02:28:44] Selected [component 213].
[08-01-2023 02:28:44] Selected [component 212].
[08-01-2023 02:28:45] Selected [component 211].
[08-01-2023 02:28:45] Selected [component 199].
[08-01-2023 02:28:45] Selected [component 198].
[08-01-2023 02:28:45] Selected [component 197].
[08-01-2023 02:28:45] Selected [component 132].
[08-01-2023 02:28:45] Selected [component 131 (*)].
[08-01-2023 02:28:45] Selected [component 118].
[08-01-2023 02:28:46] Selected [component 131 (*)].
[08-01-2023 02:28:48] Selected [component 191].
[08-01-2023 02:28:49] Selected [component 185].
[08-01-2023 02:28:49] Selected [component 179].
[08-01-2023 02:28:50] Selected [component 173].
[08-01-2023 02:28:50] Selected [component 167].
[08-01-2023 02:28:50] Selected [component 161].
[08-01-2023 02:28:50] Selected [component 155].
[08-01-2023 02:28:50] Selected [component 149].
[08-01-2023 02:28:50] Selected [component 148].
[08-01-2023 02:28:51] Selected [component 147].
[08-01-2023 02:28:51] Selected [component 146].
[08-01-2023 02:28:51] Selected [component 134].
[08-01-2023 02:28:51] Selected [component 133].
[08-01-2023 02:28:51] Selected [component 132].
[08-01-2023 02:28:51] Selected [component 131 (*)].
[08-01-2023 02:28:51] Selected [component 118].
[08-01-2023 02:28:52] Selected [component 115 (*)].
[08-01-2023 02:28:52] Selected [component 118].
[08-01-2023 02:28:52] Selected [component 131 (*)].
[08-01-2023 02:28:52] Selected [component 132].
[08-01-2023 02:28:53] Selected [component 131 (*)].
[08-01-2023 02:29:01] Updated property[key=hidden, value=true]
[08-01-2023 02:29:02] Updated property[key=hidden, value=false]
[08-01-2023 14:02:00] Closing application.
[08-01-2023 15:22:25] Starting application.
[08-01-2023 15:22:26] Switching to render mode: full.
[08-01-2023 15:22:30] Loading cache C:\Users\brrad\Documents\GitHub\Edgeville-OSRS-Game-Server\Cache. 317=false, OSRS=true, interface_rev=-1.
[08-01-2023 15:22:44] Loading cache C:\Users\brrad\Documents\GitHub\Edgeville-OSRS-Game-Server\CacheOld. 317=false, OSRS=true, interface_rev=-1.
[08-01-2023 15:22:47] Opening interface 1032.
[08-01-2023 15:22:55] Opening interface 1033.
[08-01-2023 15:23:02] Opening interface 1034.
[08-01-2023 15:23:09] Opening interface 1035.
[08-01-2023 15:23:16] Opening interface 1036.
[08-01-2023 15:23:22] Opening interface 1037.
[08-01-2023 15:23:32] Loading cache C:\Users\brrad\Documents\GitHub\Edgeville-OSRS-Game-Server\Cache. 317=false, OSRS=true, interface_rev=-1.
[08-01-2023 15:24:22] Opening interface 1022.
[08-01-2023 15:24:23] Opening interface 1021.
[08-01-2023 15:24:23] Opening interface 1020.
[08-01-2023 15:24:23] Opening interface 1019.
[08-01-2023 15:24:23] Opening interface 1018.
[08-01-2023 15:24:23] Opening interface 1017.
[08-01-2023 15:24:24] Opening interface 1015.
[08-01-2023 15:24:24] Opening interface 1017.
[08-01-2023 15:24:24] Opening interface 1018.
[08-01-2023 15:24:25] Opening interface 1019.
[08-01-2023 15:24:26] Opening interface 1018.
[08-01-2023 15:24:26] Selected [component 14].
[08-01-2023 15:24:32] Updated property[key=text, value=Reforging]
[08-01-2023 15:24:53] Saving interface 1018, packed successfully.
[08-01-2023 23:19:21] Starting application.
[08-01-2023 23:19:22] Switching to render mode: full.
[08-01-2023 23:19:26] Loading cache C:\Users\brrad\Documents\GitHub\Edgeville-OSRS-Game-Server\Cache. 317=false, OSRS=true, interface_rev=-1.
[08-01-2023 23:19:29] Opening interface 1032.
[08-01-2023 23:19:31] Selected [component 15].
[08-01-2023 23:19:39] Selected [component 0].
[08-01-2023 23:19:40] Selected [component 17].
[08-01-2023 23:19:40] Selected [component 39].
[08-01-2023 23:19:41] Selected [component 44].
[08-01-2023 23:19:43] Selected [component 45].
[08-01-2023 23:19:44] Selected [component 46].
[08-01-2023 23:19:44] Selected [component 47].
[08-01-2023 23:19:45] Selected [component 48].
[08-01-2023 23:19:46] Selected [component 49].
[08-01-2023 23:19:46] Selected [component 48].
[08-01-2023 23:20:08] Selected [component 49].
[08-01-2023 23:20:08] Selected [component 50].
[08-01-2023 23:56:35] Selected [component 44].
[08-01-2023 23:56:35] Selected [component 39].
[08-01-2023 23:56:41] Selected [component 40].
[08-01-2023 23:56:43] Selected [component 41].
[08-01-2023 23:56:43] Selected [component 42].
[08-01-2023 23:56:44] Selected [component 43].
[08-01-2023 23:57:12] Selected [component 39].
[08-01-2023 23:57:37] Selected [component 43].
[09-01-2023 00:44:54] Selected [component 42].
[09-01-2023 00:44:54] Selected [component 41].
[09-01-2023 00:44:55] Selected [component 40].
[09-01-2023 00:44:55] Selected [component 39].
[09-01-2023 00:44:56] Selected [component 17].
[09-01-2023 00:44:57] Selected [component 0].
[09-01-2023 00:44:57] Selected [root].
[09-01-2023 00:44:58] Selected [component 0].
[09-01-2023 00:44:58] Selected [component 17].
[09-01-2023 00:44:58] Selected [component 39].
[09-01-2023 00:44:58] Selected [component 40].
[09-01-2023 00:44:58] Selected [component 41].
[09-01-2023 00:44:58] Selected [component 42].
[09-01-2023 00:44:58] Selected [component 43].
[09-01-2023 00:44:59] Selected [component 44].
[09-01-2023 00:44:59] Selected [component 51].
[09-01-2023 00:44:59] Selected [component 56 (*)].
[09-01-2023 00:44:59] Selected [component 59 (*)].
[09-01-2023 00:45:00] Selected [component 56 (*)].
[09-01-2023 00:45:02] Selected [component 51].
[09-01-2023 00:45:02] Selected [component 44].
[09-01-2023 00:45:02] Selected [component 43].
[09-01-2023 00:45:02] Selected [component 44].
[09-01-2023 00:45:05] Selected [component 45].
[09-01-2023 00:45:05] Selected [component 46].
[09-01-2023 00:45:06] Selected [component 47].
[09-01-2023 00:45:06] Selected [component 48].
[09-01-2023 00:45:07] Selected [component 49].
[09-01-2023 00:47:18] Updated property[key=active, value=false]
[09-01-2023 00:47:21] Updated property[key=hidden, value=true]
[09-01-2023 00:47:25] Saving interface 1032, packed successfully.
[09-01-2023 00:49:24] Selected [component 43].
[09-01-2023 00:50:35] Selected [component 42].
[09-01-2023 00:50:39] Selected [component 39].
[09-01-2023 00:50:48] Selected [component 40].
[09-01-2023 00:50:56] Selected [component 41].
[09-01-2023 00:50:58] Selected [component 42].
[09-01-2023 00:51:10] Selected [component 43].
[09-01-2023 00:51:22] Selected [component 39].
[09-01-2023 00:51:32] Selected [component 43].
[09-01-2023 00:51:34] Selected [component 39].
[09-01-2023 00:51:41] Selected [component 40].
[09-01-2023 00:51:41] Selected [component 41].
[09-01-2023 00:51:41] Selected [component 42].
[09-01-2023 00:51:42] Selected [component 43].
[09-01-2023 01:01:56] Opening interface 8.
[09-01-2023 01:01:56] Selected [root].
[09-01-2023 01:01:56] Selected [].
[09-01-2023 01:01:56] Opening interface 8.
[09-01-2023 01:01:56] Opening interface 18.
[09-01-2023 01:01:56] Opening interface 19.
[09-01-2023 01:01:56] Opening interface 28.
[09-01-2023 01:01:56] Opening interface 38.
[09-01-2023 01:01:56] Opening interface 48.
[09-01-2023 01:01:56] Opening interface 58.
[09-01-2023 01:01:56] Opening interface 68.
[09-01-2023 01:01:56] Opening interface 78.
[09-01-2023 01:01:56] Opening interface 80.
[09-01-2023 01:01:56] Opening interface 81.
[09-01-2023 01:01:56] Opening interface 82.
[09-01-2023 01:01:56] Opening interface 83.
[09-01-2023 01:01:56] Opening interface 83.
[09-01-2023 01:01:57] Opening interface 183.
[09-01-2023 01:01:57] Opening interface 283.
[09-01-2023 01:01:57] Opening interface 383.
[09-01-2023 01:01:57] Opening interface 483.
[09-01-2023 01:01:57] Opening interface 583.
[09-01-2023 01:01:57] Opening interface 648.
[09-01-2023 01:01:57] Opening interface 683.
[09-01-2023 01:01:57] Opening interface 833.
[09-01-2023 01:01:57] Opening interface 834.
[09-01-2023 01:01:57] Opening interface 835.
[09-01-2023 01:01:57] Opening interface 836.
[09-01-2023 01:01:57] Opening interface 836.
[09-01-2023 01:02:45] Opening interface 833.
[09-01-2023 01:02:45] Opening interface 833.
[09-01-2023 01:02:49] Selected [component 0].
[09-01-2023 01:02:50] Selected [component 1].
[09-01-2023 01:02:50] Selected [component 2].
[09-01-2023 01:02:50] Selected [component 3].
[09-01-2023 01:02:51] Selected [component 4].
[09-01-2023 01:02:51] Selected [component 5].
[09-01-2023 01:02:51] Selected [component 6].
[09-01-2023 01:02:52] Selected [component 7].
[09-01-2023 01:02:52] Selected [component 8].
[09-01-2023 01:02:52] Selected [component 9].
[09-01-2023 01:02:52] Selected [component 10].
[09-01-2023 01:02:53] Selected [component 11].
[09-01-2023 01:02:53] Selected [component 12].
[09-01-2023 01:02:54] Selected [component 13 (*)].
[09-01-2023 01:02:54] Selected [component 14].
[09-01-2023 01:02:54] Selected [component 15].
[09-01-2023 01:02:55] Selected [component 16].
[09-01-2023 01:02:55] Selected [component 26 (*)].
[09-01-2023 01:02:56] Selected [component 56 (*)].
[09-01-2023 01:03:27] Opening interface 1036.
[09-01-2023 01:03:27] Selected [root].
[09-01-2023 01:03:27] Selected [].
[09-01-2023 01:03:27] Opening interface 1035.
[09-01-2023 01:03:27] Opening interface 1034.
[09-01-2023 01:03:28] Opening interface 1033.
[09-01-2023 01:03:28] Opening interface 1032.
[09-01-2023 01:03:29] Opening interface 1033.
[09-01-2023 01:03:30] Opening interface 1032.
[09-01-2023 01:03:31] Opening interface 1031.
[09-01-2023 01:03:31] Opening interface 1030.
[09-01-2023 01:03:36] Opening interface 1029.
[09-01-2023 01:03:36] Opening interface 1030.
[09-01-2023 01:04:45] Selected [component 16].
[09-01-2023 01:04:46] Selected [component 45].
[09-01-2023 01:04:49] Selected [component 46].
[09-01-2023 01:04:50] Selected [component 47].
[09-01-2023 01:04:50] Selected [component 48].
[09-01-2023 01:04:50] Selected [component 49].
[09-01-2023 01:04:51] Selected [component 50].
[09-01-2023 01:04:51] Selected [component 96].
[09-01-2023 01:04:52] Selected [component 50].
[09-01-2023 01:05:56] Selected [component 51].
[09-01-2023 01:05:56] Selected [component 52].
[09-01-2023 01:05:57] Selected [component 53].
[09-01-2023 01:05:58] Selected [component 52].
[09-01-2023 01:05:58] Selected [component 51].
[09-01-2023 01:05:59] Selected [component 50].
[09-01-2023 01:06:04] Selected [component 51].
[09-01-2023 01:06:04] Selected [component 52].
[09-01-2023 01:06:05] Selected [component 53].
[09-01-2023 01:06:06] Selected [component 54].
[09-01-2023 01:06:12] Selected [component 55].
[09-01-2023 01:06:13] Selected [component 56].
[09-01-2023 01:06:13] Selected [component 57].
[09-01-2023 01:06:13] Selected [component 58].
[09-01-2023 01:06:14] Selected [component 59].
[09-01-2023 01:06:14] Selected [component 60].
[09-01-2023 01:06:14] Selected [component 61].
[09-01-2023 01:06:15] Selected [component 62].
[09-01-2023 01:06:15] Selected [component 63].
[09-01-2023 01:06:15] Selected [component 64].
[09-01-2023 01:06:16] Selected [component 65].
[09-01-2023 01:06:16] Selected [component 66].
[09-01-2023 01:06:16] Selected [component 67].
[09-01-2023 01:06:17] Selected [component 68].
[09-01-2023 01:06:17] Selected [component 69].
[09-01-2023 01:06:18] Selected [component 70].
[09-01-2023 01:06:18] Selected [component 71].
[09-01-2023 01:06:18] Selected [component 72].
[09-01-2023 01:06:19] Selected [component 73].
[09-01-2023 01:06:19] Selected [component 74].
[09-01-2023 01:06:20] Selected [component 75].
[09-01-2023 01:06:20] Selected [component 76].
[09-01-2023 01:06:21] Selected [component 77].
[09-01-2023 01:06:21] Selected [component 78].
[09-01-2023 01:06:22] Selected [component 79].
[09-01-2023 01:06:22] Selected [component 80].
[09-01-2023 01:06:23] Selected [component 81].
[09-01-2023 01:06:31] Opening interface 1029.
[09-01-2023 01:06:31] Selected [].
[09-01-2023 01:06:32] Opening interface 1030.
[09-01-2023 01:06:33] Selected [component 7].
[09-01-2023 01:06:33] Selected [].
[09-01-2023 01:06:33] Selected [component 14].
[09-01-2023 01:06:33] Selected [].
[09-01-2023 01:06:33] Selected [component 14].
[09-01-2023 01:06:37] Updated property[key=text, value=Reforging]
[09-01-2023 01:06:40] Saving interface 1030, packed successfully.
[09-01-2023 01:06:43] Opening interface 1029.
[09-01-2023 01:06:43] Selected [].
[09-01-2023 01:06:43] Opening interface 1028.
[09-01-2023 01:06:44] Opening interface 1027.
[09-01-2023 01:06:44] Opening interface 1026.
[09-01-2023 01:06:45] Opening interface 1025.
[09-01-2023 01:06:45] Opening interface 1024.
[09-01-2023 01:06:46] Opening interface 1023.
[09-01-2023 01:06:47] Opening interface 1024.
[09-01-2023 01:06:49] Selected [component 14].
[09-01-2023 01:06:50] Selected [].
[09-01-2023 01:06:50] Selected [component 14].
[09-01-2023 01:06:54] Updated property[key=text, value=Reforging]
[09-01-2023 01:06:57] Saving interface 1024, packed successfully.
[09-01-2023 01:06:59] Opening interface 1023.
[09-01-2023 01:06:59] Selected [].
[09-01-2023 01:07:00] Opening interface 1022.
[09-01-2023 01:07:00] Opening interface 1021.
[09-01-2023 01:07:01] Opening interface 1020.
[09-01-2023 01:07:01] Opening interface 1019.
[09-01-2023 01:07:01] Opening interface 1018.
[09-01-2023 01:07:03] Opening interface 1017.
[09-01-2023 01:07:03] Opening interface 1015.
[09-01-2023 01:07:04] Opening interface 1014.
[09-01-2023 01:07:05] Opening interface 1013.
[09-01-2023 01:07:05] Opening interface 1012.
[09-01-2023 01:07:06] Opening interface 1006.
[09-01-2023 01:07:06] Opening interface 855.
[09-01-2023 01:07:07] Opening interface 854.
[09-01-2023 01:07:07] Opening interface 855.
[09-01-2023 01:07:09] Opening interface 854.
[09-01-2023 01:07:09] Opening interface 853.
[09-01-2023 01:07:10] Opening interface 852.
[09-01-2023 01:07:10] Opening interface 851.
[09-01-2023 01:07:10] Opening interface 850.
[09-01-2023 01:07:11] Opening interface 849.
[09-01-2023 01:07:11] Opening interface 848.
[09-01-2023 01:07:11] Opening interface 847.
[09-01-2023 01:07:12] Opening interface 846.
[09-01-2023 01:07:12] Opening interface 845.
[09-01-2023 01:07:12] Opening interface 844.
[09-01-2023 01:07:13] Opening interface 843.
[09-01-2023 01:07:13] Opening interface 842.
[09-01-2023 01:07:14] Opening interface 841.
[09-01-2023 01:07:14] Opening interface 840.
[09-01-2023 01:07:14] Opening interface 839.
[09-01-2023 01:07:15] Opening interface 840.
[09-01-2023 01:07:16] Opening interface 841.
[09-01-2023 01:07:16] Opening interface 842.
[09-01-2023 01:07:16] Opening interface 843.
[09-01-2023 01:07:17] Opening interface 844.
[09-01-2023 01:07:17] Opening interface 845.
[09-01-2023 01:07:17] Opening interface 846.
[09-01-2023 01:07:17] Opening interface 847.
[09-01-2023 01:07:17] Opening interface 848.
[09-01-2023 01:07:17] Opening interface 849.
[09-01-2023 01:07:18] Opening interface 850.
[09-01-2023 01:07:18] Opening interface 851.
[09-01-2023 01:07:18] Opening interface 852.
[09-01-2023 01:07:18] Opening interface 853.
[09-01-2023 01:07:18] Opening interface 854.
[09-01-2023 01:07:19] Opening interface 855.
[09-01-2023 01:07:19] Opening interface 1006.
[09-01-2023 01:07:19] Opening interface 1012.
[09-01-2023 01:07:19] Opening interface 1013.
[09-01-2023 01:07:19] Opening interface 1014.
[09-01-2023 01:07:20] Opening interface 1015.
[09-01-2023 01:07:20] Opening interface 1017.
[09-01-2023 01:07:20] Opening interface 1018.
[09-01-2023 01:07:20] Opening interface 1019.
[09-01-2023 01:07:21] Opening interface 1020.
[09-01-2023 01:07:21] Opening interface 1019.
[09-01-2023 01:07:26] Selected [component 15].
[09-01-2023 01:07:27] Selected [component 16].
[09-01-2023 01:07:27] Selected [component 47].
[09-01-2023 01:07:28] Selected [component 53].
[09-01-2023 01:07:28] Selected [component 58].
[09-01-2023 01:07:28] Selected [component 53].
[09-01-2023 01:07:30] Selected [component 54].
[09-01-2023 01:07:30] Selected [component 55].
[09-01-2023 01:07:31] Selected [component 56].
[09-01-2023 01:07:31] Selected [component 57].
[09-01-2023 01:07:32] Selected [component 56].
[09-01-2023 01:07:32] Selected [component 55].
[09-01-2023 01:07:33] Selected [component 54].
[09-01-2023 01:07:33] Selected [component 55].
[09-01-2023 01:08:00] Selected [component 53].
[09-01-2023 01:08:07] Selected [component 57].
[09-01-2023 01:08:07] Selected [component 56].
[09-01-2023 01:08:08] Selected [component 55].
[09-01-2023 01:09:23] Selected [component 15].
[09-01-2023 01:10:17] Opening interface 1018.
[09-01-2023 01:10:17] Selected [root].
[09-01-2023 01:10:17] Selected [].
[09-01-2023 01:10:18] Opening interface 1017.
[09-01-2023 01:10:19] Opening interface 1015.
[09-01-2023 01:10:19] Opening interface 1014.
[09-01-2023 01:10:20] Opening interface 1013.
[09-01-2023 01:10:20] Opening interface 1012.
[09-01-2023 01:10:20] Opening interface 1006.
[09-01-2023 01:10:20] Opening interface 855.
[09-01-2023 01:10:21] Opening interface 854.
[09-01-2023 01:10:22] Opening interface 853.
[09-01-2023 01:10:22] Opening interface 852.
[09-01-2023 01:10:23] Opening interface 851.
[09-01-2023 01:10:23] Opening interface 850.
[09-01-2023 01:10:24] Opening interface 849.
[09-01-2023 01:10:24] Opening interface 848.
[09-01-2023 01:10:24] Opening interface 847.
[09-01-2023 01:10:25] Opening interface 846.
[09-01-2023 01:10:25] Opening interface 845.
[09-01-2023 01:10:26] Opening interface 844.
[09-01-2023 01:10:26] Opening interface 843.
[09-01-2023 01:10:26] Opening interface 842.
[09-01-2023 01:10:27] Opening interface 841.
[09-01-2023 01:10:27] Opening interface 840.
[09-01-2023 01:10:28] Opening interface 839.
[09-01-2023 01:10:28] Opening interface 838.
[09-01-2023 01:10:28] Opening interface 837.
[09-01-2023 01:10:29] Opening interface 836.
[09-01-2023 01:10:29] Opening interface 835.
[09-01-2023 01:10:29] Opening interface 834.
[09-01-2023 01:10:30] Opening interface 835.
[09-01-2023 01:10:30] Opening interface 836.
[09-01-2023 01:10:39] Selected [component 39].
[09-01-2023 01:10:44] Selected [component 40].
[09-01-2023 01:10:44] Selected [component 41].
[09-01-2023 01:12:19] Selected [component 39].
[09-01-2023 01:12:21] Selected [component 15].
[09-01-2023 01:12:22] Selected [component 0].
[09-01-2023 01:12:25] Selected [component 41].
[09-01-2023 01:12:27] Selected [component 40].
[09-01-2023 01:12:28] Selected [component 39].
[09-01-2023 01:15:57] Opening interface 1036.
[09-01-2023 01:15:57] Selected [root].
[09-01-2023 01:15:57] Selected [].
[09-01-2023 01:15:58] Opening interface 1035.
[09-01-2023 01:15:58] Opening interface 1034.
[09-01-2023 01:15:58] Opening interface 1033.
[09-01-2023 01:15:59] Opening interface 1032.
[09-01-2023 01:16:02] Selected [component 44].
[09-01-2023 01:16:03] Selected [component 39].
[09-01-2023 01:16:05] Selected [component 43].
[09-01-2023 01:18:09] Opening interface 836.
[09-01-2023 01:18:09] Selected [root].
[09-01-2023 01:18:09] Selected [].
[09-01-2023 01:18:12] Selected [component 41].
[09-01-2023 01:18:13] Selected [component 40].
[09-01-2023 01:18:14] Selected [component 41].
[09-01-2023 01:18:24] Opening interface 1032.
[09-01-2023 01:18:24] Selected [].
[09-01-2023 01:18:27] Selected [component 55].
[09-01-2023 01:18:28] Selected [component 51].
[09-01-2023 01:18:34] Selected [component 43].
[09-01-2023 01:18:36] Updated property[key=type, value=0]
[09-01-2023 01:18:53] Saving interface 1032, packed successfully.
[09-01-2023 01:50:58] Opening interface 1028.
[09-01-2023 01:50:58] Selected [root].
[09-01-2023 01:50:58] Selected [].
[09-01-2023 01:50:58] Opening interface 1028.
[09-01-2023 01:50:58] Opening interface 839.
[09-01-2023 01:50:58] Opening interface 839.
[09-01-2023 01:50:58] Opening interface 836.
[09-01-2023 01:50:58] Opening interface 836.
[09-01-2023 01:51:02] Selected [component 41].
[09-01-2023 01:51:18] Opening interface 1032.
[09-01-2023 01:51:18] Selected [].
[09-01-2023 01:51:24] Selected [component 43].
[09-01-2023 01:51:28] Updated property[key=scrollHeight, value=400]
[09-01-2023 01:51:31] Saving interface 1032, packed successfully.
[09-01-2023 01:56:36] Opening interface 8.
[09-01-2023 01:56:36] Selected [root].
[09-01-2023 01:56:36] Selected [].
[09-01-2023 01:56:36] Opening interface 8.
[09-01-2023 01:56:36] Opening interface 18.
[09-01-2023 01:56:36] Opening interface 19.
[09-01-2023 01:56:36] Opening interface 28.
[09-01-2023 01:56:36] Opening interface 38.
[09-01-2023 01:56:36] Opening interface 48.
[09-01-2023 01:56:36] Opening interface 58.
[09-01-2023 01:56:36] Opening interface 68.
[09-01-2023 01:56:36] Opening interface 78.
[09-01-2023 01:56:36] Opening interface 80.
[09-01-2023 01:56:36] Opening interface 81.
[09-01-2023 01:56:36] Opening interface 82.
[09-01-2023 01:56:36] Opening interface 83.
[09-01-2023 01:56:36] Opening interface 83.
[09-01-2023 01:56:36] Opening interface 183.
[09-01-2023 01:56:36] Opening interface 283.
[09-01-2023 01:56:36] Opening interface 383.
[09-01-2023 01:56:36] Opening interface 483.
[09-01-2023 01:56:36] Opening interface 583.
[09-01-2023 01:56:36] Opening interface 648.
[09-01-2023 01:56:36] Opening interface 683.
[09-01-2023 01:56:36] Opening interface 833.
[09-01-2023 01:56:36] Opening interface 834.
[09-01-2023 01:56:36] Opening interface 835.
[09-01-2023 01:56:37] Opening interface 836.
[09-01-2023 01:56:37] Opening interface 836.
[09-01-2023 01:56:45] Selected [component 40].
[09-01-2023 01:58:41] Selected [component 41].
[09-01-2023 01:58:43] Selected [component 40].
[09-01-2023 01:58:43] Selected [component 39].
[09-01-2023 01:58:46] Selected [component 41].
[09-01-2023 01:58:46] Selected [component 40].
[09-01-2023 01:58:48] Selected [component 41].
[09-01-2023 01:58:50] Selected [root].
[09-01-2023 01:58:52] Selected [component 0].
[09-01-2023 01:58:56] Selected [component 15].
[09-01-2023 01:58:58] Selected [component 39].
[09-01-2023 01:58:58] Selected [component 38].
[10-01-2023 04:23:33] Starting application.
[10-01-2023 04:23:34] Switching to render mode: full.
[10-01-2023 04:24:08] Loading cache C:\Users\brrad\Documents\GitHub\devious-osrs-199\Cache. 317=false, OSRS=true, interface_rev=-1.
[10-01-2023 04:54:10] Opening interface 12.
[10-01-2023 04:54:11] Opening interface 13.
[10-01-2023 04:54:12] Opening interface 14.
[10-01-2023 04:54:12] Opening interface 15.
[10-01-2023 04:54:12] Opening interface 16.
[10-01-2023 04:54:12] Opening interface 17.
[10-01-2023 04:54:51] Opening interface 18.
[10-01-2023 04:54:53] Opening interface 19.
[10-01-2023 04:54:53] Opening interface 20.
[10-01-2023 04:54:53] Opening interface 21.
[10-01-2023 04:54:53] Opening interface 22.
[10-01-2023 04:54:53] Opening interface 23.
[10-01-2023 04:54:54] Opening interface 24.
[10-01-2023 04:54:54] Opening interface 25.
[10-01-2023 04:54:54] Opening interface 26.
[10-01-2023 04:54:54] Opening interface 27.
[10-01-2023 04:54:54] Opening interface 28.
[10-01-2023 04:54:54] Opening interface 29.
[10-01-2023 04:54:55] Opening interface 30.
[10-01-2023 04:54:55] Opening interface 31.
[10-01-2023 04:54:55] Opening interface 32.
[10-01-2023 04:54:55] Opening interface 33.
[10-01-2023 04:54:55] Opening interface 34.
[10-01-2023 04:54:55] Opening interface 35.
[10-01-2023 04:54:55] Opening interface 36.
[10-01-2023 04:54:56] Opening interface 37.
[10-01-2023 04:54:56] Opening interface 38.
[10-01-2023 04:54:56] Opening interface 39.
[10-01-2023 04:54:56] Opening interface 40.
[10-01-2023 04:54:56] Opening interface 41.
[10-01-2023 04:54:56] Opening interface 42.
[10-01-2023 04:54:56] Opening interface 43.
[10-01-2023 04:54:57] Opening interface 44.
[10-01-2023 04:54:57] Opening interface 45.
[10-01-2023 04:54:57] Opening interface 46.
[10-01-2023 04:54:57] Opening interface 47.
[10-01-2023 04:54:57] Opening interface 48.
[10-01-2023 04:54:57] Opening interface 49.
[10-01-2023 04:54:57] Opening interface 50.
[10-01-2023 04:54:58] Opening interface 51.
[10-01-2023 04:54:58] Opening interface 52.
[10-01-2023 04:54:58] Opening interface 53.
[10-01-2023 04:54:58] Opening interface 54.
[10-01-2023 04:54:58] Opening interface 55.
[10-01-2023 04:54:58] Opening interface 56.
[10-01-2023 04:54:59] Opening interface 57.
[10-01-2023 04:54:59] Opening interface 58.
[10-01-2023 04:54:59] Opening interface 59.
[10-01-2023 04:54:59] Opening interface 60.
[10-01-2023 04:54:59] Opening interface 61.
[10-01-2023 04:55:00] Opening interface 62.
[10-01-2023 04:55:00] Opening interface 63.
[10-01-2023 04:55:00] Opening interface 64.
[10-01-2023 04:55:00] Opening interface 65.
[10-01-2023 04:55:00] Opening interface 66.
[10-01-2023 04:55:00] Opening interface 67.
[10-01-2023 04:55:00] Opening interface 68.
[10-01-2023 04:55:00] Opening interface 69.
[10-01-2023 04:55:00] Opening interface 70.
[10-01-2023 04:55:00] Opening interface 71.
[10-01-2023 04:55:00] Opening interface 72.
[10-01-2023 04:55:00] Opening interface 73.
[10-01-2023 04:55:00] Opening interface 74.
[10-01-2023 04:55:00] Opening interface 75.
[10-01-2023 04:55:00] Opening interface 76.
[10-01-2023 04:55:00] Opening interface 77.
[10-01-2023 04:55:00] Opening interface 78.
[10-01-2023 04:55:00] Opening interface 79.
[10-01-2023 04:55:00] Opening interface 80.
[10-01-2023 04:55:00] Opening interface 81.
[10-01-2023 04:55:00] Opening interface 82.
[10-01-2023 04:55:00] Opening interface 83.
[10-01-2023 04:55:00] Opening interface 84.
[10-01-2023 04:55:00] Opening interface 85.
[10-01-2023 04:55:00] Opening interface 86.
[10-01-2023 04:55:00] Opening interface 87.
[10-01-2023 04:55:00] Opening interface 88.
[10-01-2023 04:55:00] Opening interface 89.
[10-01-2023 04:55:00] Opening interface 90.
[10-01-2023 04:55:00] Opening interface 91.
[10-01-2023 04:55:00] Opening interface 92.
[10-01-2023 04:55:01] Opening interface 93.
[10-01-2023 04:55:01] Opening interface 94.
[10-01-2023 04:55:01] Opening interface 95.
[10-01-2023 04:55:01] Opening interface 96.
[10-01-2023 04:55:01] Opening interface 97.
[10-01-2023 04:55:01] Opening interface 98.
[10-01-2023 04:55:01] Opening interface 99.
[10-01-2023 04:55:01] Opening interface 100.
[10-01-2023 04:55:01] Opening interface 101.
[10-01-2023 04:55:01] Opening interface 102.
[10-01-2023 04:55:01] Opening interface 103.
[10-01-2023 04:55:01] Opening interface 104.
[10-01-2023 04:55:01] Opening interface 105.
[10-01-2023 04:55:01] Opening interface 106.
[10-01-2023 04:55:01] Opening interface 107.
[10-01-2023 04:55:01] Opening interface 108.
[10-01-2023 04:55:01] Opening interface 109.
[10-01-2023 04:55:01] Opening interface 110.
[10-01-2023 04:55:01] Opening interface 111.
[10-01-2023 04:55:01] Opening interface 112.
[10-01-2023 04:55:01] Opening interface 113.
[10-01-2023 04:55:01] Opening interface 114.
[10-01-2023 04:55:01] Opening interface 115.
[10-01-2023 04:55:01] Opening interface 116.
[10-01-2023 04:55:01] Opening interface 117.
[10-01-2023 04:55:01] Opening interface 118.
[10-01-2023 04:55:01] Opening interface 119.
[10-01-2023 04:55:01] Opening interface 120.
[10-01-2023 04:55:01] Opening interface 121.
[10-01-2023 04:55:01] Opening interface 122.
[10-01-2023 04:55:02] Opening interface 123.
[10-01-2023 04:55:02] Opening interface 124.
[10-01-2023 04:55:02] Opening interface 125.
[10-01-2023 04:55:02] Opening interface 126.
[10-01-2023 04:55:02] Opening interface 127.
[10-01-2023 04:55:02] Opening interface 128.
[10-01-2023 04:55:02] Opening interface 129.
[10-01-2023 04:55:02] Opening interface 130.
[10-01-2023 04:55:02] Opening interface 131.
[10-01-2023 04:55:02] Opening interface 132.
[10-01-2023 04:55:02] Opening interface 133.
[10-01-2023 04:55:02] Opening interface 134.
[10-01-2023 04:55:02] Opening interface 135.
[10-01-2023 04:55:02] Opening interface 136.
[10-01-2023 04:55:02] Opening interface 137.
[10-01-2023 04:55:02] Opening interface 138.
[10-01-2023 04:55:02] Opening interface 139.
[10-01-2023 04:55:02] Opening interface 140.
[10-01-2023 04:55:02] Opening interface 141.
[10-01-2023 04:55:02] Opening interface 142.
[10-01-2023 04:55:02] Opening interface 143.
[10-01-2023 04:55:02] Opening interface 144.
[10-01-2023 04:55:02] Opening interface 145.
[10-01-2023 04:55:02] Opening interface 146.
[10-01-2023 04:55:02] Opening interface 147.
[10-01-2023 04:55:02] Opening interface 148.
[10-01-2023 04:55:02] Opening interface 149.
[10-01-2023 04:55:02] Opening interface 150.
[10-01-2023 04:55:02] Opening interface 151.
[10-01-2023 04:55:02] Opening interface 152.
[10-01-2023 04:55:03] Opening interface 153.
[10-01-2023 04:55:03] Opening interface 154.
[10-01-2023 04:55:03] Opening interface 155.
[10-01-2023 04:55:03] Opening interface 156.
[10-01-2023 04:55:03] Opening interface 157.
[10-01-2023 04:55:03] Opening interface 158.
[10-01-2023 04:55:03] Opening interface 159.
[10-01-2023 04:55:03] Opening interface 160.
[10-01-2023 04:55:03] Opening interface 161.
[10-01-2023 04:55:03] Opening interface 162.
[10-01-2023 04:55:03] Opening interface 163.
[10-01-2023 04:55:03] Opening interface 164.
[10-01-2023 04:55:03] Opening interface 165.
[10-01-2023 04:55:03] Opening interface 166.
[10-01-2023 04:55:03] Opening interface 167.
[10-01-2023 04:55:03] Opening interface 168.
[10-01-2023 04:55:03] Opening interface 169.
[10-01-2023 04:55:03] Opening interface 170.
[10-01-2023 04:55:03] Opening interface 171.
[10-01-2023 04:55:03] Opening interface 172.
[10-01-2023 04:55:03] Opening interface 173.
[10-01-2023 04:55:03] Opening interface 174.
[10-01-2023 04:55:03] Opening interface 175.
[10-01-2023 04:55:03] Opening interface 176.
[10-01-2023 04:55:04] Opening interface 177.
[10-01-2023 04:55:04] Opening interface 178.
[10-01-2023 04:55:04] Opening interface 179.
[10-01-2023 04:55:04] Opening interface 180.
[10-01-2023 04:55:04] Opening interface 181.
[10-01-2023 04:55:05] Opening interface 182.
[10-01-2023 04:55:05] Opening interface 183.
[10-01-2023 04:55:05] Opening interface 184.
[10-01-2023 04:55:05] Opening interface 185.
[10-01-2023 04:55:05] Opening interface 186.
[10-01-2023 04:55:05] Opening interface 187.
[10-01-2023 04:55:05] Opening interface 188.
[10-01-2023 04:55:05] Opening interface 189.
[10-01-2023 04:55:05] Opening interface 190.
[10-01-2023 04:55:05] Opening interface 191.
[10-01-2023 04:55:05] Opening interface 192.
[10-01-2023 04:55:05] Opening interface 193.
[10-01-2023 04:55:05] Opening interface 194.
[10-01-2023 04:55:05] Opening interface 195.
[10-01-2023 04:55:05] Opening interface 196.
[10-01-2023 04:55:05] Opening interface 197.
[10-01-2023 04:55:05] Opening interface 198.
[10-01-2023 04:55:05] Opening interface 199.
[10-01-2023 04:55:05] Opening interface 200.
[10-01-2023 04:55:05] Opening interface 201.
[10-01-2023 04:55:05] Opening interface 202.
[10-01-2023 04:55:05] Opening interface 203.
[10-01-2023 04:55:05] Opening interface 204.
[10-01-2023 04:55:05] Opening interface 205.
[10-01-2023 04:55:05] Opening interface 206.
[10-01-2023 04:55:06] Opening interface 207.
[10-01-2023 04:55:06] Opening interface 208.
[10-01-2023 04:55:06] Opening interface 209.
[10-01-2023 04:55:06] Opening interface 210.
[10-01-2023 04:55:06] Opening interface 211.
[10-01-2023 04:55:06] Opening interface 212.
[10-01-2023 04:55:06] Opening interface 213.
[10-01-2023 04:55:06] Opening interface 214.
[10-01-2023 04:55:06] Opening interface 215.
[10-01-2023 04:55:06] Opening interface 216.
[10-01-2023 04:55:06] Opening interface 217.
[10-01-2023 04:55:06] Opening interface 218.
[10-01-2023 04:55:06] Opening interface 219.
[10-01-2023 04:55:06] Opening interface 220.
[10-01-2023 04:55:06] Opening interface 221.
[10-01-2023 04:55:06] Opening interface 222.
[10-01-2023 04:55:06] Opening interface 223.
[10-01-2023 04:55:06] Opening interface 224.
[10-01-2023 04:55:06] Opening interface 225.
[10-01-2023 04:55:06] Opening interface 226.
[10-01-2023 04:55:06] Opening interface 227.
[10-01-2023 04:55:06] Opening interface 228.
[10-01-2023 04:55:06] Opening interface 229.
[10-01-2023 04:55:06] Opening interface 230.
[10-01-2023 04:55:06] Opening interface 231.
[10-01-2023 04:55:06] Opening interface 232.
[10-01-2023 04:55:06] Opening interface 233.
[10-01-2023 04:55:06] Opening interface 234.
[10-01-2023 04:55:06] Opening interface 235.
[10-01-2023 04:55:06] Opening interface 236.
[10-01-2023 04:55:06] Opening interface 237.
[10-01-2023 04:55:07] Opening interface 238.
[10-01-2023 04:55:07] Opening interface 239.
[10-01-2023 04:55:07] Opening interface 240.
[10-01-2023 04:55:07] Opening interface 241.
[10-01-2023 04:55:07] Opening interface 242.
[10-01-2023 04:55:07] Opening interface 243.
[10-01-2023 04:55:07] Opening interface 244.
[10-01-2023 04:55:07] Opening interface 245.
[10-01-2023 04:55:07] Opening interface 246.
[10-01-2023 04:55:07] Opening interface 247.
[10-01-2023 04:55:07] Opening interface 248.
[10-01-2023 04:55:07] Opening interface 249.
[10-01-2023 04:55:07] Opening interface 250.
[10-01-2023 04:55:07] Opening interface 251.
[10-01-2023 04:55:07] Opening interface 252.
[10-01-2023 04:55:07] Opening interface 253.
[10-01-2023 04:55:07] Opening interface 254.
[10-01-2023 04:55:07] Opening interface 255.
[10-01-2023 04:55:07] Opening interface 256.
[10-01-2023 04:55:07] Opening interface 257.
[10-01-2023 04:55:07] Opening interface 258.
[10-01-2023 04:55:07] Opening interface 259.
[10-01-2023 04:55:07] Opening interface 260.
[10-01-2023 04:55:07] Opening interface 261.
[10-01-2023 04:55:07] Opening interface 262.
[10-01-2023 04:55:07] Opening interface 263.
[10-01-2023 04:55:07] Opening interface 264.
[10-01-2023 04:55:07] Opening interface 265.
[10-01-2023 04:55:07] Opening interface 266.
[10-01-2023 04:55:07] Opening interface 267.
[10-01-2023 04:55:08] Opening interface 268.
[10-01-2023 04:55:08] Opening interface 269.
[10-01-2023 04:55:08] Opening interface 270.
[10-01-2023 04:55:08] Opening interface 271.
[10-01-2023 04:55:08] Opening interface 272.
[10-01-2023 04:55:08] Opening interface 273.
[10-01-2023 04:55:08] Opening interface 274.
[10-01-2023 04:55:08] Opening interface 275.
[10-01-2023 04:55:08] Opening interface 276.
[10-01-2023 04:55:08] Opening interface 277.
[10-01-2023 04:55:08] Opening interface 278.
[10-01-2023 04:55:08] Opening interface 279.
[10-01-2023 04:55:08] Opening interface 280.
[10-01-2023 04:55:08] Opening interface 281.
[10-01-2023 04:55:08] Opening interface 282.
[10-01-2023 04:55:08] Opening interface 283.
[10-01-2023 04:55:08] Opening interface 284.
[10-01-2023 04:55:08] Opening interface 285.
[10-01-2023 04:55:08] Opening interface 286.
[10-01-2023 04:55:08] Opening interface 287.
[10-01-2023 04:55:08] Opening interface 288.
[10-01-2023 04:55:08] Opening interface 289.
[10-01-2023 04:55:08] Opening interface 290.
[10-01-2023 04:55:08] Opening interface 291.
[10-01-2023 04:55:08] Opening interface 292.
[10-01-2023 04:55:08] Opening interface 293.
[10-01-2023 04:55:08] Opening interface 294.
[10-01-2023 04:55:08] Opening interface 295.
[10-01-2023 04:55:08] Opening interface 296.
[10-01-2023 04:55:08] Opening interface 297.
[10-01-2023 04:55:09] Opening interface 298.
[10-01-2023 04:55:09] Opening interface 299.
[10-01-2023 04:55:09] Opening interface 300.
[10-01-2023 04:55:09] Opening interface 301.
[10-01-2023 04:55:09] Opening interface 302.
[10-01-2023 04:55:09] Opening interface 303.
[10-01-2023 04:55:09] Opening interface 304.
[10-01-2023 04:55:09] Opening interface 305.
[10-01-2023 04:55:09] Opening interface 306.
[10-01-2023 04:55:09] Opening interface 307.
[10-01-2023 04:55:09] Opening interface 308.
[10-01-2023 04:55:09] Opening interface 309.
[10-01-2023 04:55:09] Opening interface 310.
[10-01-2023 04:55:09] Opening interface 311.
[10-01-2023 04:55:09] Opening interface 312.
[10-01-2023 04:55:09] Opening interface 313.
[10-01-2023 04:55:09] Opening interface 314.
[10-01-2023 04:55:09] Opening interface 315.
[10-01-2023 04:55:09] Opening interface 316.
[10-01-2023 04:55:09] Opening interface 317.
[10-01-2023 04:55:09] Opening interface 318.
[10-01-2023 04:55:09] Opening interface 319.
[10-01-2023 04:55:09] Opening interface 320.
[10-01-2023 04:55:09] Opening interface 321.
[10-01-2023 04:55:09] Opening interface 322.
[10-01-2023 04:55:09] Opening interface 323.
[10-01-2023 04:55:09] Opening interface 324.
[10-01-2023 04:55:09] Opening interface 325.
[10-01-2023 04:55:09] Opening interface 326.
[10-01-2023 04:55:09] Opening interface 327.
[10-01-2023 04:55:09] Opening interface 328.
[10-01-2023 04:55:10] Opening interface 329.
[10-01-2023 04:55:10] Opening interface 330.
[10-01-2023 04:55:10] Opening interface 331.
[10-01-2023 04:55:10] Opening interface 332.
[10-01-2023 04:55:10] Opening interface 333.
[10-01-2023 04:55:10] Opening interface 334.
[10-01-2023 04:55:10] Opening interface 335.
[10-01-2023 04:55:10] Opening interface 336.
[10-01-2023 04:55:10] Opening interface 337.
[10-01-2023 04:55:10] Opening interface 338.
[10-01-2023 04:55:10] Opening interface 339.
[10-01-2023 04:55:10] Opening interface 340.
[10-01-2023 04:55:10] Opening interface 341.
[10-01-2023 04:55:10] Opening interface 342.
[10-01-2023 04:55:10] Opening interface 343.
[10-01-2023 04:55:10] Opening interface 344.
[10-01-2023 04:55:10] Opening interface 345.
[10-01-2023 04:55:10] Opening interface 346.
[10-01-2023 04:55:10] Opening interface 347.
[10-01-2023 04:55:10] Opening interface 348.
[10-01-2023 04:55:10] Opening interface 349.
[10-01-2023 04:55:10] Opening interface 350.
[10-01-2023 04:55:10] Opening interface 351.
[10-01-2023 04:55:10] Opening interface 352.
[10-01-2023 04:55:10] Opening interface 353.
[10-01-2023 04:55:10] Opening interface 354.
[10-01-2023 04:55:10] Opening interface 355.
[10-01-2023 04:55:10] Opening interface 356.
[10-01-2023 04:55:10] Opening interface 357.
[10-01-2023 04:55:10] Opening interface 358.
[10-01-2023 04:55:11] Opening interface 359.
[10-01-2023 04:55:11] Opening interface 360.
[10-01-2023 04:55:11] Opening interface 361.
[10-01-2023 04:55:11] Opening interface 362.
[10-01-2023 04:55:11] Opening interface 363.
[10-01-2023 04:55:11] Opening interface 364.
[10-01-2023 04:55:11] Opening interface 365.
[10-01-2023 04:55:11] Opening interface 366.
[10-01-2023 04:55:11] Opening interface 367.
[10-01-2023 04:55:11] Opening interface 368.
[10-01-2023 04:55:11] Opening interface 369.
[10-01-2023 04:55:11] Opening interface 370.
[10-01-2023 04:55:11] Opening interface 371.
[10-01-2023 04:55:11] Opening interface 372.
[10-01-2023 04:55:11] Opening interface 373.
[10-01-2023 04:55:11] Opening interface 374.
[10-01-2023 04:55:11] Opening interface 375.
[10-01-2023 04:55:11] Opening interface 376.
[10-01-2023 04:55:11] Opening interface 377.
[10-01-2023 04:55:11] Opening interface 378.
[10-01-2023 04:55:11] Opening interface 379.
[10-01-2023 04:55:11] Opening interface 380.
[10-01-2023 04:55:11] Opening interface 381.
[10-01-2023 04:55:11] Opening interface 382.
[10-01-2023 04:55:11] Opening interface 383.
[10-01-2023 04:55:11] Opening interface 384.
[10-01-2023 04:55:11] Opening interface 385.
[10-01-2023 04:55:11] Opening interface 386.
[10-01-2023 04:55:11] Opening interface 387.
[10-01-2023 04:55:11] Opening interface 388.
[10-01-2023 04:55:12] Opening interface 389.
[10-01-2023 04:55:12] Opening interface 390.
[10-01-2023 04:55:12] Opening interface 391.
[10-01-2023 04:55:12] Opening interface 392.
[10-01-2023 04:55:12] Opening interface 393.
[10-01-2023 04:55:12] Opening interface 394.
[10-01-2023 04:55:12] Opening interface 395.
[10-01-2023 04:55:12] Opening interface 396.
[10-01-2023 04:55:12] Opening interface 397.
[10-01-2023 04:55:12] Opening interface 398.
[10-01-2023 04:55:12] Opening interface 399.
[10-01-2023 04:55:12] Opening interface 400.
[10-01-2023 04:55:12] Opening interface 401.
[10-01-2023 04:55:12] Opening interface 402.
[10-01-2023 04:55:12] Opening interface 403.
[10-01-2023 04:55:12] Opening interface 404.
[10-01-2023 04:55:12] Opening interface 405.
[10-01-2023 04:55:12] Opening interface 406.
[10-01-2023 04:55:12] Opening interface 407.
[10-01-2023 04:55:12] Opening interface 408.
[10-01-2023 04:55:12] Opening interface 409.
[10-01-2023 04:55:12] Opening interface 410.
[10-01-2023 04:55:12] Opening interface 411.
[10-01-2023 04:55:12] Opening interface 412.
[10-01-2023 04:55:12] Opening interface 413.
[10-01-2023 04:55:12] Opening interface 414.
[10-01-2023 04:55:13] Opening interface 415.
[10-01-2023 04:55:13] Opening interface 416.
[10-01-2023 04:55:13] Opening interface 417.
[10-01-2023 04:55:14] Opening interface 418.
[10-01-2023 04:55:14] Opening interface 419.
[10-01-2023 04:55:14] Opening interface 420.
[10-01-2023 04:55:14] Opening interface 421.
[10-01-2023 04:55:14] Opening interface 422.
[10-01-2023 04:55:15] Opening interface 423.
[10-01-2023 04:55:15] Opening interface 424.
[10-01-2023 04:55:15] Opening interface 425.
[10-01-2023 04:55:15] Opening interface 424.
[10-01-2023 04:55:16] Opening interface 423.
[10-01-2023 04:55:16] Opening interface 422.
[10-01-2023 04:55:17] Opening interface 421.
[10-01-2023 04:55:17] Opening interface 422.
[10-01-2023 04:55:18] Opening interface 423.
